<?xml version="1.0" encoding="UTF-8"?>
<testsuite xmlns:xsi="http://www.w3.org/2001/XMLSchema-instance" xsi:noNamespaceSchemaLocation="https://maven.apache.org/surefire/maven-surefire-plugin/xsd/surefire-test-report-3.0.xsd" version="3.0" name="com.realestate.controller.PasswordResetFlowTest" time="6.566" tests="6" errors="0" skipped="0" failures="0">
  <properties>
[...]
</properties>
  <testcase name="fullFlowSavesHashAndRejectsReusedCredentials" classname="com.realestate.controller.PasswordResetFlowTest" time="1.465">
    <system-out><![CDATA[2026-09-25T18:17:20.302+05:30 DEBUG 5332 --- [real-estate-crm] [           main] .b.t.c.SpringBootTestContextBootstrapper : Neither @ContextConfiguration nor @ContextHierarchy found for test class [PasswordResetFlowTest]: using SpringBootContextLoader
2026-09-25T18:17:20.302+05:30  INFO 5332 --- [real-estate-crm] [           main] t.c.s.AnnotationConfigContextLoaderUtils : Could not detect default configuration classes for test class [com.realestate.controller.PasswordResetFlowTest]: PasswordResetFlowTest does not declare any static, non-private, non-final, nested classes annotated with @Configuration.
2026-09-25T18:17:20.302+05:30 DEBUG 5332 --- [real-estate-crm] [           main] .b.t.c.SpringBootTestContextBootstrapper : Using ContextCustomizerFactory implementations for test class [PasswordResetFlowTest]: [ImportsContextCustomizerFactory, ExcludeFilterContextCustomizerFactory, HttpGraphQlTesterContextCustomizerFactory, DuplicateJsonObjectContextCustomizerFactory, MockitoContextCustomizerFactory, TestRestTemplateContextCustomizerFactory, WebTestClientContextCustomizerFactory, DisableReactorResourceFactoryGlobalResourcesContextCustomizerFactory, OverrideAutoConfigurationContextCustomizerFactory, ObservabilityContextCustomizerFactory, TypeExcludeFiltersContextCustomizerFactory, PropertyMappingContextCustomizerFactory, WebDriverContextCustomizerFactory, MockServerContainerContextCustomizerFactory, DynamicPropertiesContextCustomizerFactory]
2026-09-25T18:17:20.367+05:30 DEBUG 5332 --- [real-estate-crm] [           main] .b.t.c.SpringBootTestContextBootstrapper : Using ContextCustomizers for test class [PasswordResetFlowTest]: [ImportsContextCustomizer, ExcludeFilterContextCustomizer, DuplicateJsonObjectContextCustomizer, MockitoContextCustomizer, TestRestTemplateContextCustomizer, DisableReactorResourceFactoryGlobalResourcesContextCustomizerCustomizer, DisableObservabilityContextCustomizer, PropertyMappingContextCustomizer, WebDriverContextCustomizer]
2026-09-25T18:17:20.367+05:30  INFO 5332 --- [real-estate-crm] [           main] .b.t.c.SpringBootTestContextBootstrapper : Found @SpringBootConfiguration com.realestate.RealEstateApplication for test class com.realestate.controller.PasswordResetFlowTest
2026-09-25T18:17:20.373+05:30 DEBUG 5332 --- [real-estate-crm] [           main] .b.t.c.SpringBootTestContextBootstrapper : Using TestExecutionListeners for test class [PasswordResetFlowTest]: [ServletTestExecutionListener, DirtiesContextBeforeModesTestExecutionListener, ApplicationEventsTestExecutionListener, MockitoTestExecutionListener, DependencyInjectionTestExecutionListener, DirtiesContextTestExecutionListener, TransactionalTestExecutionListener, SqlScriptsTestExecutionListener, EventPublishingTestExecutionListener, ResetMocksTestExecutionListener, RestDocsTestExecutionListener, MockRestServiceServerResetTestExecutionListener, MockMvcPrintOnlyOnFailureTestExecutionListener, WebDriverTestExecutionListener, MockWebServiceServerTestExecutionListener]
2026-09-25T18:17:20.448+05:30 DEBUG 5332 --- [real-estate-crm] [           main] .s.b.w.s.c.ApplicationServletEnvironment : Activating profiles []

  .   ____          _            __ _ _
 /\\ / ___'_ __ _ _(_)_ __  __ _ \ \ \ \
( ( )\___ | '_ | '_| | '_ \/ _` | \ \ \ \
 \\/  ___)| |_)| | | | | || (_| |  ) ) ) )
  '  |____| .__|_| |_|_| |_\__, | / / / /
 =========|_|==============|___/=/_/_/_/

 :: Spring Boot ::                (v3.3.4)

2026-09-25T18:17:20.507+05:30  INFO 5332 --- [real-estate-crm] [           main] c.r.controller.PasswordResetFlowTest     : Starting PasswordResetFlowTest using Java 17.0.7 with PID 5332 (started by monik in C:\Users\monik\OneDrive\Desktop\Test)
2026-09-25T18:17:20.507+05:30  INFO 5332 --- [real-estate-crm] [           main] c.r.controller.PasswordResetFlowTest     : No active profile set, falling back to 1 default profile: "default"
2026-09-25T18:17:20.508+05:30 DEBUG 5332 --- [real-estate-crm] [           main] o.s.boot.SpringApplication               : Loading source class com.realestate.RealEstateApplication
2026-09-25T18:17:21.593+05:30  INFO 5332 --- [real-estate-crm] [           main] .s.d.r.c.RepositoryConfigurationDelegate : Bootstrapping Spring Data JPA repositories in DEFAULT mode.
2026-09-25T18:17:21.599+05:30 DEBUG 5332 --- [real-estate-crm] [           main] o.s.b.a.AutoConfigurationPackages        : @EnableAutoConfiguration was declared on a class in the package 'com.realestate'. Automatic @Repository and @Entity scanning is enabled.
2026-09-25T18:17:21.713+05:30  INFO 5332 --- [real-estate-crm] [           main] .s.d.r.c.RepositoryConfigurationDelegate : Finished Spring Data repository scanning in 115 ms. Found 9 JPA repository interfaces.
2026-09-25T18:17:22.234+05:30  INFO 5332 --- [real-estate-crm] [           main] o.hibernate.jpa.internal.util.LogHelper  : HHH000204: Processing PersistenceUnitInfo [name: default]
2026-09-25T18:17:22.246+05:30  INFO 5332 --- [real-estate-crm] [           main] o.h.c.internal.RegionFactoryInitiator    : HHH000026: Second-level cache disabled
2026-09-25T18:17:22.262+05:30  INFO 5332 --- [real-estate-crm] [           main] o.s.o.j.p.SpringPersistenceUnitInfo      : No LoadTimeWeaver setup: ignoring JPA class transformer
2026-09-25T18:17:22.280+05:30  INFO 5332 --- [real-estate-crm] [           main] com.zaxxer.hikari.HikariDataSource       : HikariPool-2 - Starting...
2026-09-25T18:17:22.287+05:30  INFO 5332 --- [real-estate-crm] [           main] com.zaxxer.hikari.pool.HikariPool        : HikariPool-2 - Added connection conn10: url=jdbc:h2:mem:password-reset-test user=SA
2026-09-25T18:17:22.287+05:30  INFO 5332 --- [real-estate-crm] [           main] com.zaxxer.hikari.HikariDataSource       : HikariPool-2 - Start completed.
2026-09-25T18:17:22.769+05:30  INFO 5332 --- [real-estate-crm] [           main] o.h.e.t.j.p.i.JtaPlatformInitiator       : HHH000489: No JTA platform available (set 'hibernate.transaction.jta.platform' to enable JTA platform integration)
2026-09-25T18:17:22.772+05:30 DEBUG 5332 --- [real-estate-crm] [           main] org.hibernate.SQL                        : 
    drop table if exists bookings cascade 
2026-09-25T18:17:22.772+05:30 DEBUG 5332 --- [real-estate-crm] [           main] org.hibernate.SQL                        : 
    drop table if exists customers cascade 
2026-09-25T18:17:22.772+05:30 DEBUG 5332 --- [real-estate-crm] [           main] org.hibernate.SQL                        : 
    drop table if exists documents cascade 
2026-09-25T18:17:22.772+05:30 DEBUG 5332 --- [real-estate-crm] [           main] org.hibernate.SQL                        : 
    drop table if exists leads cascade 
2026-09-25T18:17:22.772+05:30 DEBUG 5332 --- [real-estate-crm] [           main] org.hibernate.SQL                        : 
    drop table if exists password_resets cascade 
2026-09-25T18:17:22.772+05:30 DEBUG 5332 --- [real-estate-crm] [           main] org.hibernate.SQL                        : 
    drop table if exists payments cascade 
2026-09-25T18:17:22.772+05:30 DEBUG 5332 --- [real-estate-crm] [           main] org.hibernate.SQL                        : 
    drop table if exists properties cascade 
2026-09-25T18:17:22.772+05:30 DEBUG 5332 --- [real-estate-crm] [           main] org.hibernate.SQL                        : 
    drop table if exists tasks cascade 
2026-09-25T18:17:22.772+05:30 DEBUG 5332 --- [real-estate-crm] [           main] org.hibernate.SQL                        : 
    drop table if exists user_accounts cascade 
2026-09-25T18:17:22.772+05:30 DEBUG 5332 --- [real-estate-crm] [           main] org.hibernate.SQL                        : 
    create table bookings (
        booking_amount numeric(38,2),
        booking_date date,
        negotiated_price numeric(38,2),
        property_price numeric(38,2),
        id bigint generated by default as identity,
        property_id bigint not null,
        agent varchar(255),
        booking_id varchar(255) not null unique,
        broker varchar(255),
        customer varchar(255),
        status varchar(255),
        primary key (id)
    )
2026-09-25T18:17:22.783+05:30 DEBUG 5332 --- [real-estate-crm] [           main] org.hibernate.SQL                        : 
    create table customers (
        created_date date,
        id bigint generated by default as identity,
        lead_id bigint not null unique,
        email varchar(255),
        interested_property varchar(255),
        mobile_number varchar(255),
        name varchar(255),
        primary key (id)
    )
2026-09-25T18:17:22.783+05:30 DEBUG 5332 --- [real-estate-crm] [           main] org.hibernate.SQL                        : 
    create table documents (
        id bigint generated by default as identity,
        uploaded_at timestamp(6),
        document_name varchar(255),
        file_url varchar(255),
        related_id varchar(255),
        related_type varchar(255),
        status varchar(255),
        primary key (id)
    )
2026-09-25T18:17:22.783+05:30 DEBUG 5332 --- [real-estate-crm] [           main] org.hibernate.SQL                        : 
    create table leads (
        advance_paid_enabled boolean,
        created_date date,
        maximum_budget numeric(38,2),
        minimum_budget numeric(38,2),
        next_follow_up_date date,
        id bigint generated by default as identity,
        notes varchar(2000),
        assigned_agent varchar(255),
        category varchar(255),
        customer_name varchar(255) not null,
        email varchar(255),
        interested_property varchar(255),
        lead_source varchar(255),
        lead_status varchar(255),
        mobile_number varchar(255),
        preferred_location varchar(255),
        property_type varchar(255),
        whatsapp_number varchar(255),
        primary key (id)
    )
2026-09-25T18:17:22.783+05:30 DEBUG 5332 --- [real-estate-crm] [           main] org.hibernate.SQL                        : 
    create table password_resets (
        otp_attempts integer not null,
        consumed_at timestamp(6) with time zone,
        created_at timestamp(6) with time zone not null,
        id bigint generated by default as identity,
        otp_expires_at timestamp(6) with time zone not null,
        otp_verified_at timestamp(6) with time zone,
        reset_token_expires_at timestamp(6) with time zone,
        user_id bigint not null,
        otp_hash varchar(64),
        reset_token_hash varchar(64),
        encrypted_otp varchar(512),
        primary key (id)
    )
2026-09-25T18:17:22.783+05:30 DEBUG 5332 --- [real-estate-crm] [           main] org.hibernate.SQL                        : 
    create table payments (
        amount numeric(38,2),
        due_date date,
        paid_date date,
        id bigint generated by default as identity,
        notes varchar(1000),
        booking varchar(255),
        customer varchar(255),
        payment_mode varchar(255),
        payment_type varchar(255),
        property varchar(255),
        receipt_number varchar(255),
        status varchar(255),
        transaction_number varchar(255),
        primary key (id)
    )
2026-09-25T18:17:22.798+05:30 DEBUG 5332 --- [real-estate-crm] [           main] org.hibernate.SQL                        : 
    create table properties (
        bathrooms integer,
        bedrooms integer,
        price numeric(38,2),
        price_per_sq_ft numeric(38,2),
        property_size float(53),
        id bigint generated by default as identity,
        description varchar(2000),
        address varchar(255),
        city varchar(255),
        facing varchar(255),
        image_url varchar(255),
        location varchar(255),
        mobile_number varchar(255),
        owner_name varchar(255),
        plot_number varchar(255),
        project_name varchar(255),
        property_id varchar(255) not null unique,
        property_name varchar(255) not null,
        property_type varchar(255),
        state varchar(255),
        status varchar(255) not null,
        survey_number varchar(255),
        primary key (id)
    )
2026-09-25T18:17:22.798+05:30 DEBUG 5332 --- [real-estate-crm] [           main] org.hibernate.SQL                        : 
    create table tasks (
        due_date date,
        id bigint generated by default as identity,
        notes varchar(2000),
        assigned_to varchar(255),
        priority varchar(255),
        related_customer varchar(255),
        related_property varchar(255),
        status varchar(255),
        task_name varchar(255) not null,
        primary key (id)
    )
2026-09-25T18:17:22.803+05:30 DEBUG 5332 --- [real-estate-crm] [           main] org.hibernate.SQL                        : 
    create table user_accounts (
        id bigint generated by default as identity,
        password varchar(100) not null,
        email_id varchar(255) not null unique,
        name varchar(255) not null,
        phone_number varchar(255),
        role varchar(255) not null,
        primary key (id)
    )
2026-09-25T18:17:22.808+05:30 DEBUG 5332 --- [real-estate-crm] [           main] org.hibernate.SQL                        : 
    alter table if exists bookings 
       add constraint FKj94ktyvmw1driaufktolkpj1c 
       foreign key (property_id) 
       references properties
2026-09-25T18:17:22.816+05:30 DEBUG 5332 --- [real-estate-crm] [           main] org.hibernate.SQL                        : 
    alter table if exists customers 
       add constraint FKka6vo972x5m28w6k1ju1i1k0d 
       foreign key (lead_id) 
       references leads
2026-09-25T18:17:22.816+05:30 DEBUG 5332 --- [real-estate-crm] [           main] org.hibernate.SQL                        : 
    alter table if exists password_resets 
       add constraint FKru66a49mn5hx5nj5jvg954jj5 
       foreign key (user_id) 
       references user_accounts
2026-09-25T18:17:22.816+05:30  INFO 5332 --- [real-estate-crm] [           main] j.LocalContainerEntityManagerFactoryBean : Initialized JPA EntityManagerFactory for persistence unit 'default'
2026-09-25T18:17:23.352+05:30  WARN 5332 --- [real-estate-crm] [           main] .s.s.UserDetailsServiceAutoConfiguration : 

Using generated security password: 5321264d-fa57-4e6b-98b8-fb919ba48267

This generated password is for development use only. Your security configuration must be updated before running your application in production.

2026-09-25T18:17:23.354+05:30  INFO 5332 --- [real-estate-crm] [           main] r$InitializeUserDetailsManagerConfigurer : Global AuthenticationManager configured with UserDetailsService bean with name inMemoryUserDetailsManager
2026-09-25T18:17:23.369+05:30  INFO 5332 --- [real-estate-crm] [           main] o.s.b.a.w.s.WelcomePageHandlerMapping    : Adding welcome page: class path resource [static/index.html]
2026-09-25T18:17:23.814+05:30 DEBUG 5332 --- [real-estate-crm] [           main] o.s.b.w.s.ServletContextInitializerBeans : Mapping filters: springSecurityFilterChain urls=[/*] order=-100, characterEncodingFilter urls=[/*] order=-2147483648, hiddenHttpMethodFilter urls=[/*] order=-10000, formContentFilter urls=[/*] order=-9900, requestContextFilter urls=[/*] order=-105
2026-09-25T18:17:23.814+05:30 DEBUG 5332 --- [real-estate-crm] [           main] o.s.b.w.s.ServletContextInitializerBeans : Mapping servlets: 
2026-09-25T18:17:23.814+05:30 DEBUG 5332 --- [real-estate-crm] [           main] s.b.w.s.f.OrderedCharacterEncodingFilter : Filter 'characterEncodingFilter' configured for use
2026-09-25T18:17:23.814+05:30 DEBUG 5332 --- [real-estate-crm] [           main] .s.b.w.s.f.OrderedHiddenHttpMethodFilter : Filter 'hiddenHttpMethodFilter' configured for use
2026-09-25T18:17:23.814+05:30 DEBUG 5332 --- [real-estate-crm] [           main] o.s.b.w.s.f.OrderedFormContentFilter     : Filter 'formContentFilter' configured for use
2026-09-25T18:17:23.814+05:30 DEBUG 5332 --- [real-estate-crm] [           main] o.s.b.w.s.f.OrderedRequestContextFilter  : Filter 'requestContextFilter' configured for use
2026-09-25T18:17:23.814+05:30 DEBUG 5332 --- [real-estate-crm] [           main] .DelegatingFilterProxyRegistrationBean$1 : Filter 'springSecurityFilterChain' configured for use
2026-09-25T18:17:23.814+05:30  INFO 5332 --- [real-estate-crm] [           main] o.s.b.t.m.w.SpringBootMockServletContext : Initializing Spring TestDispatcherServlet ''
2026-09-25T18:17:23.814+05:30  INFO 5332 --- [real-estate-crm] [           main] o.s.t.web.servlet.TestDispatcherServlet  : Initializing Servlet ''
2026-09-25T18:17:23.831+05:30  INFO 5332 --- [real-estate-crm] [           main] o.s.t.web.servlet.TestDispatcherServlet  : Completed initialization in 17 ms
2026-09-25T18:17:23.846+05:30 DEBUG 5332 --- [real-estate-crm] [           main] .s.b.a.l.ConditionEvaluationReportLogger : 


============================
CONDITIONS EVALUATION REPORT
============================


Positive matches:
-----------------

   AopAutoConfiguration matched:
      - @ConditionalOnProperty (spring.aop.auto=true) matched (OnPropertyCondition)

   AopAutoConfiguration.AspectJAutoProxyingConfiguration matched:
      - @ConditionalOnClass found required class 'org.aspectj.weaver.Advice' (OnClassCondition)

   AopAutoConfiguration.AspectJAutoProxyingConfiguration.CglibAutoProxyConfiguration matched:
      - @ConditionalOnProperty (spring.aop.proxy-target-class=true) matched (OnPropertyCondition)

   ApplicationAvailabilityAutoConfiguration#applicationAvailability matched:
      - @ConditionalOnMissingBean (types: org.springframework.boot.availability.ApplicationAvailability; SearchStrategy: all) did not find any beans (OnBeanCondition)

   DataSourceAutoConfiguration matched:
      - @ConditionalOnClass found required classes 'javax.sql.DataSource', 'org.springframework.jdbc.datasource.embedded.EmbeddedDatabaseType' (OnClassCondition)
      - @ConditionalOnMissingBean (types: io.r2dbc.spi.ConnectionFactory; SearchStrategy: all) did not find any beans (OnBeanCondition)

   DataSourceAutoConfiguration.PooledDataSourceConfiguration matched:
      - AnyNestedCondition 1 matched 1 did not; NestedCondition on DataSourceAutoConfiguration.PooledDataSourceCondition.PooledDataSourceAvailable PooledDataSource found supported DataSource; NestedCondition on DataSourceAutoConfiguration.PooledDataSourceCondition.ExplicitType @ConditionalOnProperty (spring.datasource.type) did not find property 'type' (DataSourceAutoConfiguration.PooledDataSourceCondition)
      - @ConditionalOnMissingBean (types: javax.sql.DataSource,javax.sql.XADataSource; SearchStrategy: all) did not find any beans (OnBeanCondition)

   DataSourceAutoConfiguration.PooledDataSourceConfiguration#jdbcConnectionDetails matched:
      - @ConditionalOnMissingBean (types: org.springframework.boot.autoconfigure.jdbc.JdbcConnectionDetails; SearchStrategy: all) did not find any beans (OnBeanCondition)

   DataSourceConfiguration.Hikari matched:
      - @ConditionalOnClass found required class 'com.zaxxer.hikari.HikariDataSource' (OnClassCondition)
      - @ConditionalOnProperty (spring.datasource.type=com.zaxxer.hikari.HikariDataSource) matched (OnPropertyCondition)
      - @ConditionalOnMissingBean (types: javax.sql.DataSource; SearchStrategy: all) did not find any beans (OnBeanCondition)

   DataSourceInitializationConfiguration matched:
      - @ConditionalOnClass found required class 'org.springframework.jdbc.datasource.init.DatabasePopulator' (OnClassCondition)
      - @ConditionalOnSingleCandidate (types: javax.sql.DataSource; SearchStrategy: all) found a single bean 'dataSource'; @ConditionalOnMissingBean (types: org.springframework.boot.autoconfigure.sql.init.SqlDataSourceScriptDatabaseInitializer,org.springframework.boot.autoconfigure.sql.init.SqlR2dbcScriptDatabaseInitializer; SearchStrategy: all) did not find any beans (OnBeanCondition)

   DataSourcePoolMetadataProvidersConfiguration.HikariPoolDataSourceMetadataProviderConfiguration matched:
      - @ConditionalOnClass found required class 'com.zaxxer.hikari.HikariDataSource' (OnClassCondition)

   DataSourceTransactionManagerAutoConfiguration matched:
      - @ConditionalOnClass found required classes 'javax.sql.DataSource', 'org.springframework.jdbc.core.JdbcTemplate', 'org.springframework.transaction.TransactionManager' (OnClassCondition)

   DataSourceTransactionManagerAutoConfiguration.JdbcTransactionManagerConfiguration matched:
      - @ConditionalOnSingleCandidate (types: javax.sql.DataSource; SearchStrategy: all) found a single bean 'dataSource' (OnBeanCondition)

   DispatcherServletAutoConfiguration matched:
      - @ConditionalOnClass found required class 'org.springframework.web.servlet.DispatcherServlet' (OnClassCondition)
      - found 'session' scope (OnWebApplicationCondition)

   DispatcherServletAutoConfiguration.DispatcherServletConfiguration matched:
      - @ConditionalOnClass found required class 'jakarta.servlet.ServletRegistration' (OnClassCondition)
      - Default DispatcherServlet did not find dispatcher servlet beans (DispatcherServletAutoConfiguration.DefaultDispatcherServletCondition)

   DispatcherServletAutoConfiguration.DispatcherServletRegistrationConfiguration matched:
      - @ConditionalOnClass found required class 'jakarta.servlet.ServletRegistration' (OnClassCondition)
      - DispatcherServlet Registration did not find servlet registration bean (DispatcherServletAutoConfiguration.DispatcherServletRegistrationCondition)

   DispatcherServletAutoConfiguration.DispatcherServletRegistrationConfiguration#dispatcherServletRegistration matched:
      - @ConditionalOnBean (names: dispatcherServlet types: org.springframework.web.servlet.DispatcherServlet; SearchStrategy: all) found bean 'dispatcherServlet' (OnBeanCondition)

   ErrorMvcAutoConfiguration matched:
      - @ConditionalOnClass found required classes 'jakarta.servlet.Servlet', 'org.springframework.web.servlet.DispatcherServlet' (OnClassCondition)
      - found 'session' scope (OnWebApplicationCondition)

   ErrorMvcAutoConfiguration#basicErrorController matched:
      - @ConditionalOnMissingBean (types: org.springframework.boot.web.servlet.error.ErrorController; SearchStrategy: current) did not find any beans (OnBeanCondition)

   ErrorMvcAutoConfiguration#errorAttributes matched:
      - @ConditionalOnMissingBean (types: org.springframework.boot.web.servlet.error.ErrorAttributes; SearchStrategy: current) did not find any beans (OnBeanCondition)

   ErrorMvcAutoConfiguration.DefaultErrorViewResolverConfiguration#conventionErrorViewResolver matched:
      - @ConditionalOnBean (types: org.springframework.web.servlet.DispatcherServlet; SearchStrategy: all) found bean 'dispatcherServlet'; @ConditionalOnMissingBean (types: org.springframework.boot.autoconfigure.web.servlet.error.ErrorViewResolver; SearchStrategy: all) did not find any beans (OnBeanCondition)

   ErrorMvcAutoConfiguration.WhitelabelErrorViewConfiguration matched:
      - @ConditionalOnProperty (server.error.whitelabel.enabled) matched (OnPropertyCondition)
      - ErrorTemplate Missing did not find error template view (ErrorMvcAutoConfiguration.ErrorTemplateMissingCondition)

   ErrorMvcAutoConfiguration.WhitelabelErrorViewConfiguration#beanNameViewResolver matched:
      - @ConditionalOnMissingBean (types: org.springframework.web.servlet.view.BeanNameViewResolver; SearchStrategy: all) did not find any beans (OnBeanCondition)

   ErrorMvcAutoConfiguration.WhitelabelErrorViewConfiguration#defaultErrorView matched:
      - @ConditionalOnMissingBean (names: error; SearchStrategy: all) did not find any beans (OnBeanCondition)

   GenericCacheConfiguration matched:
      - Cache org.springframework.boot.autoconfigure.cache.GenericCacheConfiguration automatic cache type (CacheCondition)

   HibernateJpaAutoConfiguration matched:
      - @ConditionalOnClass found required classes 'org.springframework.orm.jpa.LocalContainerEntityManagerFactoryBean', 'jakarta.persistence.EntityManager', 'org.hibernate.engine.spi.SessionImplementor' (OnClassCondition)

   HibernateJpaConfiguration matched:
      - @ConditionalOnSingleCandidate (types: javax.sql.DataSource; SearchStrategy: all) found a single bean 'dataSource' (OnBeanCondition)

   HttpEncodingAutoConfiguration matched:
      - @ConditionalOnClass found required class 'org.springframework.web.filter.CharacterEncodingFilter' (OnClassCondition)
      - found 'session' scope (OnWebApplicationCondition)
      - @ConditionalOnProperty (server.servlet.encoding.enabled) matched (OnPropertyCondition)

   HttpEncodingAutoConfiguration#characterEncodingFilter matched:
      - @ConditionalOnMissingBean (types: org.springframework.web.filter.CharacterEncodingFilter; SearchStrategy: all) did not find any beans (OnBeanCondition)

   HttpMessageConvertersAutoConfiguration matched:
      - @ConditionalOnClass found required class 'org.springframework.http.converter.HttpMessageConverter' (OnClassCondition)
      - NoneNestedConditions 0 matched 1 did not; NestedCondition on HttpMessageConvertersAutoConfiguration.NotReactiveWebApplicationCondition.ReactiveWebApplication did not find reactive web application classes (HttpMessageConvertersAutoConfiguration.NotReactiveWebApplicationCondition)

   HttpMessageConvertersAutoConfiguration#messageConverters matched:
      - @ConditionalOnMissingBean (types: org.springframework.boot.autoconfigure.http.HttpMessageConverters; SearchStrategy: all) did not find any beans (OnBeanCondition)

   HttpMessageConvertersAutoConfiguration.StringHttpMessageConverterConfiguration matched:
      - @ConditionalOnClass found required class 'org.springframework.http.converter.StringHttpMessageConverter' (OnClassCondition)

   HttpMessageConvertersAutoConfiguration.StringHttpMessageConverterConfiguration#stringHttpMessageConverter matched:
      - @ConditionalOnMissingBean (types: org.springframework.http.converter.StringHttpMessageConverter; SearchStrategy: all) did not find any beans (OnBeanCondition)

   JacksonAutoConfiguration matched:
      - @ConditionalOnClass found required class 'com.fasterxml.jackson.databind.ObjectMapper' (OnClassCondition)

   JacksonAutoConfiguration.Jackson2ObjectMapperBuilderCustomizerConfiguration matched:
      - @ConditionalOnClass found required class 'org.springframework.http.converter.json.Jackson2ObjectMapperBuilder' (OnClassCondition)

   JacksonAutoConfiguration.JacksonObjectMapperBuilderConfiguration matched:
      - @ConditionalOnClass found required class 'org.springframework.http.converter.json.Jackson2ObjectMapperBuilder' (OnClassCondition)

   JacksonAutoConfiguration.JacksonObjectMapperBuilderConfiguration#jacksonObjectMapperBuilder matched:
      - @ConditionalOnMissingBean (types: org.springframework.http.converter.json.Jackson2ObjectMapperBuilder; SearchStrategy: all) did not find any beans (OnBeanCondition)

   JacksonAutoConfiguration.JacksonObjectMapperConfiguration matched:
      - @ConditionalOnClass found required class 'org.springframework.http.converter.json.Jackson2ObjectMapperBuilder' (OnClassCondition)

   JacksonAutoConfiguration.JacksonObjectMapperConfiguration#jacksonObjectMapper matched:
      - @ConditionalOnMissingBean (types: com.fasterxml.jackson.databind.ObjectMapper; SearchStrategy: all) did not find any beans (OnBeanCondition)

   JacksonAutoConfiguration.ParameterNamesModuleConfiguration matched:
      - @ConditionalOnClass found required class 'com.fasterxml.jackson.module.paramnames.ParameterNamesModule' (OnClassCondition)

   JacksonAutoConfiguration.ParameterNamesModuleConfiguration#parameterNamesModule matched:
      - @ConditionalOnMissingBean (types: com.fasterxml.jackson.module.paramnames.ParameterNamesModule; SearchStrategy: all) did not find any beans (OnBeanCondition)

   JacksonHttpMessageConvertersConfiguration.MappingJackson2HttpMessageConverterConfiguration matched:
      - @ConditionalOnClass found required class 'com.fasterxml.jackson.databind.ObjectMapper' (OnClassCondition)
      - @ConditionalOnProperty (spring.mvc.converters.preferred-json-mapper=jackson) matched (OnPropertyCondition)
      - @ConditionalOnBean (types: com.fasterxml.jackson.databind.ObjectMapper; SearchStrategy: all) found bean 'jacksonObjectMapper' (OnBeanCondition)

   JacksonHttpMessageConvertersConfiguration.MappingJackson2HttpMessageConverterConfiguration#mappingJackson2HttpMessageConverter matched:
      - @ConditionalOnMissingBean (types: org.springframework.http.converter.json.MappingJackson2HttpMessageConverter ignored: org.springframework.hateoas.server.mvc.TypeConstrainedMappingJackson2HttpMessageConverter,org.springframework.data.rest.webmvc.alps.AlpsJsonHttpMessageConverter; SearchStrategy: all) did not find any beans (OnBeanCondition)

   JdbcClientAutoConfiguration matched:
      - @ConditionalOnSingleCandidate (types: org.springframework.jdbc.core.namedparam.NamedParameterJdbcTemplate; SearchStrategy: all) found a single bean 'namedParameterJdbcTemplate'; @ConditionalOnMissingBean (types: org.springframework.jdbc.core.simple.JdbcClient; SearchStrategy: all) did not find any beans (OnBeanCondition)

   JdbcTemplateAutoConfiguration matched:
      - @ConditionalOnClass found required classes 'javax.sql.DataSource', 'org.springframework.jdbc.core.JdbcTemplate' (OnClassCondition)
      - @ConditionalOnSingleCandidate (types: javax.sql.DataSource; SearchStrategy: all) found a single bean 'dataSource' (OnBeanCondition)

   JdbcTemplateConfiguration matched:
      - @ConditionalOnMissingBean (types: org.springframework.jdbc.core.JdbcOperations; SearchStrategy: all) did not find any beans (OnBeanCondition)

   JpaBaseConfiguration#entityManagerFactory matched:
      - @ConditionalOnMissingBean (types: org.springframework.orm.jpa.LocalContainerEntityManagerFactoryBean,jakarta.persistence.EntityManagerFactory; SearchStrategy: all) did not find any beans (OnBeanCondition)

   JpaBaseConfiguration#entityManagerFactoryBuilder matched:
      - @ConditionalOnMissingBean (types: org.springframework.boot.orm.jpa.EntityManagerFactoryBuilder; SearchStrategy: all) did not find any beans (OnBeanCondition)

   JpaBaseConfiguration#jpaVendorAdapter matched:
      - @ConditionalOnMissingBean (types: org.springframework.orm.jpa.JpaVendorAdapter; SearchStrategy: all) did not find any beans (OnBeanCondition)

   JpaBaseConfiguration#transactionManager matched:
      - @ConditionalOnMissingBean (types: org.springframework.transaction.TransactionManager; SearchStrategy: all) did not find any beans (OnBeanCondition)

   JpaBaseConfiguration.PersistenceManagedTypesConfiguration matched:
      - @ConditionalOnMissingBean (types: org.springframework.orm.jpa.LocalContainerEntityManagerFactoryBean,jakarta.persistence.EntityManagerFactory; SearchStrategy: all) did not find any beans (OnBeanCondition)

   JpaBaseConfiguration.PersistenceManagedTypesConfiguration#persistenceManagedTypes matched:
      - @ConditionalOnMissingBean (types: org.springframework.orm.jpa.persistenceunit.PersistenceManagedTypes; SearchStrategy: all) did not find any beans (OnBeanCondition)

   JpaRepositoriesAutoConfiguration matched:
      - @ConditionalOnClass found required class 'org.springframework.data.jpa.repository.JpaRepository' (OnClassCondition)
      - @ConditionalOnProperty (spring.data.jpa.repositories.enabled=true) matched (OnPropertyCondition)
      - @ConditionalOnBean (types: javax.sql.DataSource; SearchStrategy: all) found bean 'dataSource'; @ConditionalOnMissingBean (types: org.springframework.data.jpa.repository.support.JpaRepositoryFactoryBean,org.springframework.data.jpa.repository.config.JpaRepositoryConfigExtension; SearchStrategy: all) did not find any beans (OnBeanCondition)

   JtaAutoConfiguration matched:
      - @ConditionalOnClass found required class 'jakarta.transaction.Transaction' (OnClassCondition)
      - @ConditionalOnProperty (spring.jta.enabled) matched (OnPropertyCondition)

   LifecycleAutoConfiguration#defaultLifecycleProcessor matched:
      - @ConditionalOnMissingBean (names: lifecycleProcessor; SearchStrategy: current) did not find any beans (OnBeanCondition)

   MailSenderAutoConfiguration matched:
      - @ConditionalOnClass found required classes 'jakarta.mail.internet.MimeMessage', 'jakarta.activation.MimeType', 'org.springframework.mail.MailSender' (OnClassCondition)
      - AnyNestedCondition 1 matched 1 did not; NestedCondition on MailSenderAutoConfiguration.MailSenderCondition.JndiNameProperty @ConditionalOnProperty (spring.mail.jndi-name) did not find property 'jndi-name'; NestedCondition on MailSenderAutoConfiguration.MailSenderCondition.HostProperty @ConditionalOnProperty (spring.mail.host) matched (MailSenderAutoConfiguration.MailSenderCondition)
      - @ConditionalOnMissingBean (types: org.springframework.mail.MailSender; SearchStrategy: all) did not find any beans (OnBeanCondition)

   MailSenderPropertiesConfiguration matched:
      - @ConditionalOnProperty (spring.mail.host) matched (OnPropertyCondition)

   MailSenderPropertiesConfiguration#mailSender matched:
      - @ConditionalOnMissingBean (types: org.springframework.mail.javamail.JavaMailSender; SearchStrategy: all) did not find any beans (OnBeanCondition)

   MockMvcAutoConfiguration matched:
      - found 'session' scope (OnWebApplicationCondition)

   MockMvcAutoConfiguration#mockMvc matched:
      - @ConditionalOnMissingBean (types: org.springframework.test.web.servlet.MockMvc; SearchStrategy: all) did not find any beans (OnBeanCondition)

   MockMvcAutoConfiguration#mockMvcBuilder matched:
      - @ConditionalOnMissingBean (types: org.springframework.test.web.servlet.MockMvcBuilder; SearchStrategy: all) did not find any beans (OnBeanCondition)

   MultipartAutoConfiguration matched:
      - @ConditionalOnClass found required classes 'jakarta.servlet.Servlet', 'org.springframework.web.multipart.support.StandardServletMultipartResolver', 'jakarta.servlet.MultipartConfigElement' (OnClassCondition)
      - found 'session' scope (OnWebApplicationCondition)
      - @ConditionalOnProperty (spring.servlet.multipart.enabled) matched (OnPropertyCondition)

   MultipartAutoConfiguration#multipartConfigElement matched:
      - @ConditionalOnMissingBean (types: jakarta.servlet.MultipartConfigElement; SearchStrategy: all) did not find any beans (OnBeanCondition)

   MultipartAutoConfiguration#multipartResolver matched:
      - @ConditionalOnMissingBean (types: org.springframework.web.multipart.MultipartResolver; SearchStrategy: all) did not find any beans (OnBeanCondition)

   NamedParameterJdbcTemplateConfiguration matched:
      - @ConditionalOnSingleCandidate (types: org.springframework.jdbc.core.JdbcTemplate; SearchStrategy: all) found a single bean 'jdbcTemplate'; @ConditionalOnMissingBean (types: org.springframework.jdbc.core.namedparam.NamedParameterJdbcOperations; SearchStrategy: all) did not find any beans (OnBeanCondition)

   NoOpCacheConfiguration matched:
      - Cache org.springframework.boot.autoconfigure.cache.NoOpCacheConfiguration automatic cache type (CacheCondition)

   PersistenceExceptionTranslationAutoConfiguration matched:
      - @ConditionalOnClass found required class 'org.springframework.dao.annotation.PersistenceExceptionTranslationPostProcessor' (OnClassCondition)

   PersistenceExceptionTranslationAutoConfiguration#persistenceExceptionTranslationPostProcessor matched:
      - @ConditionalOnProperty (spring.dao.exceptiontranslation.enabled) matched (OnPropertyCondition)
      - @ConditionalOnMissingBean (types: org.springframework.dao.annotation.PersistenceExceptionTranslationPostProcessor; SearchStrategy: all) did not find any beans (OnBeanCondition)

   PropertyPlaceholderAutoConfiguration#propertySourcesPlaceholderConfigurer matched:
      - @ConditionalOnMissingBean (types: org.springframework.context.support.PropertySourcesPlaceholderConfigurer; SearchStrategy: current) did not find any beans (OnBeanCondition)

   RestClientAutoConfiguration matched:
      - @ConditionalOnClass found required class 'org.springframework.web.client.RestClient' (OnClassCondition)
      - NoneNestedConditions 0 matched 1 did not; NestedCondition on NotReactiveWebApplicationCondition.ReactiveWebApplication did not find reactive web application classes (NotReactiveWebApplicationCondition)

   RestClientAutoConfiguration#httpMessageConvertersRestClientCustomizer matched:
      - @ConditionalOnMissingBean (types: org.springframework.boot.autoconfigure.web.client.HttpMessageConvertersRestClientCustomizer; SearchStrategy: all) did not find any beans (OnBeanCondition)

   RestClientAutoConfiguration#restClientBuilder matched:
      - @ConditionalOnMissingBean (types: org.springframework.web.client.RestClient$Builder; SearchStrategy: all) did not find any beans (OnBeanCondition)

   RestClientAutoConfiguration#restClientBuilderConfigurer matched:
      - @ConditionalOnMissingBean (types: org.springframework.boot.autoconfigure.web.client.RestClientBuilderConfigurer; SearchStrategy: all) did not find any beans (OnBeanCondition)

   RestClientAutoConfiguration#restClientSsl matched:
      - @ConditionalOnBean (types: org.springframework.boot.ssl.SslBundles; SearchStrategy: all) found bean 'sslBundleRegistry'; @ConditionalOnMissingBean (types: org.springframework.boot.autoconfigure.web.client.RestClientSsl; SearchStrategy: all) did not find any beans (OnBeanCondition)

   RestTemplateAutoConfiguration matched:
      - @ConditionalOnClass found required class 'org.springframework.web.client.RestTemplate' (OnClassCondition)
      - NoneNestedConditions 0 matched 1 did not; NestedCondition on NotReactiveWebApplicationCondition.ReactiveWebApplication did not find reactive web application classes (NotReactiveWebApplicationCondition)

   RestTemplateAutoConfiguration#restTemplateBuilder matched:
      - @ConditionalOnMissingBean (types: org.springframework.boot.web.client.RestTemplateBuilder; SearchStrategy: all) did not find any beans (OnBeanCondition)

   SecurityAutoConfiguration matched:
      - @ConditionalOnClass found required class 'org.springframework.security.authentication.DefaultAuthenticationEventPublisher' (OnClassCondition)

   SecurityAutoConfiguration#authenticationEventPublisher matched:
      - @ConditionalOnMissingBean (types: org.springframework.security.authentication.AuthenticationEventPublisher; SearchStrategy: all) did not find any beans (OnBeanCondition)

   SecurityFilterAutoConfiguration matched:
      - @ConditionalOnClass found required classes 'org.springframework.security.web.context.AbstractSecurityWebApplicationInitializer', 'org.springframework.security.config.http.SessionCreationPolicy' (OnClassCondition)
      - found 'session' scope (OnWebApplicationCondition)

   SecurityFilterAutoConfiguration#securityFilterChainRegistration matched:
      - @ConditionalOnBean (names: springSecurityFilterChain; SearchStrategy: all) found bean 'springSecurityFilterChain' (OnBeanCondition)

   ServletWebServerFactoryAutoConfiguration matched:
      - @ConditionalOnClass found required class 'jakarta.servlet.ServletRequest' (OnClassCondition)
      - found 'session' scope (OnWebApplicationCondition)

   ServletWebServerFactoryAutoConfiguration#tomcatServletWebServerFactoryCustomizer matched:
      - @ConditionalOnClass found required class 'org.apache.catalina.startup.Tomcat' (OnClassCondition)

   ServletWebServerFactoryConfiguration.EmbeddedTomcat matched:
      - @ConditionalOnClass found required classes 'jakarta.servlet.Servlet', 'org.apache.catalina.startup.Tomcat', 'org.apache.coyote.UpgradeProtocol' (OnClassCondition)
      - @ConditionalOnMissingBean (types: org.springframework.boot.web.servlet.server.ServletWebServerFactory; SearchStrategy: current) did not find any beans (OnBeanCondition)

   SimpleCacheConfiguration matched:
      - Cache org.springframework.boot.autoconfigure.cache.SimpleCacheConfiguration automatic cache type (CacheCondition)

   SpringBootWebSecurityConfiguration matched:
      - found 'session' scope (OnWebApplicationCondition)

   SpringDataWebAutoConfiguration matched:
      - @ConditionalOnClass found required classes 'org.springframework.data.web.PageableHandlerMethodArgumentResolver', 'org.springframework.web.servlet.config.annotation.WebMvcConfigurer' (OnClassCondition)
      - found 'session' scope (OnWebApplicationCondition)
      - @ConditionalOnMissingBean (types: org.springframework.data.web.PageableHandlerMethodArgumentResolver; SearchStrategy: all) did not find any beans (OnBeanCondition)

   SpringDataWebAutoConfiguration#pageableCustomizer matched:
      - @ConditionalOnMissingBean (types: org.springframework.data.web.config.PageableHandlerMethodArgumentResolverCustomizer; SearchStrategy: all) did not find any beans (OnBeanCondition)

   SpringDataWebAutoConfiguration#sortCustomizer matched:
      - @ConditionalOnMissingBean (types: org.springframework.data.web.config.SortHandlerMethodArgumentResolverCustomizer; SearchStrategy: all) did not find any beans (OnBeanCondition)

   SqlInitializationAutoConfiguration matched:
      - @ConditionalOnProperty (spring.sql.init.enabled) matched (OnPropertyCondition)
      - NoneNestedConditions 0 matched 1 did not; NestedCondition on SqlInitializationAutoConfiguration.SqlInitializationModeCondition.ModeIsNever @ConditionalOnProperty (spring.sql.init.mode=never) did not find property 'mode' (SqlInitializationAutoConfiguration.SqlInitializationModeCondition)

   SslAutoConfiguration#sslBundleRegistry matched:
      - @ConditionalOnMissingBean (types: org.springframework.boot.ssl.SslBundleRegistry,org.springframework.boot.ssl.SslBundles; SearchStrategy: all) did not find any beans (OnBeanCondition)

   TaskExecutionAutoConfiguration matched:
      - @ConditionalOnClass found required class 'org.springframework.scheduling.concurrent.ThreadPoolTaskExecutor' (OnClassCondition)

   TaskExecutorConfigurations.SimpleAsyncTaskExecutorBuilderConfiguration#simpleAsyncTaskExecutorBuilder matched:
      - @ConditionalOnMissingBean (types: org.springframework.boot.task.SimpleAsyncTaskExecutorBuilder; SearchStrategy: all) did not find any beans (OnBeanCondition)
      - @ConditionalOnThreading found PLATFORM (OnThreadingCondition)

   TaskExecutorConfigurations.TaskExecutorBuilderConfiguration#taskExecutorBuilder matched:
      - @ConditionalOnMissingBean (types: org.springframework.boot.task.TaskExecutorBuilder; SearchStrategy: all) did not find any beans (OnBeanCondition)

   TaskExecutorConfigurations.TaskExecutorConfiguration matched:
      - @ConditionalOnMissingBean (types: java.util.concurrent.Executor; SearchStrategy: all) did not find any beans (OnBeanCondition)

   TaskExecutorConfigurations.TaskExecutorConfiguration#applicationTaskExecutor matched:
      - @ConditionalOnThreading found PLATFORM (OnThreadingCondition)

   TaskExecutorConfigurations.ThreadPoolTaskExecutorBuilderConfiguration#threadPoolTaskExecutorBuilder matched:
      - @ConditionalOnMissingBean (types: org.springframework.boot.task.TaskExecutorBuilder,org.springframework.boot.task.ThreadPoolTaskExecutorBuilder; SearchStrategy: all) did not find any beans (OnBeanCondition)

   TaskSchedulingAutoConfiguration matched:
      - @ConditionalOnClass found required class 'org.springframework.scheduling.concurrent.ThreadPoolTaskScheduler' (OnClassCondition)

   TaskSchedulingConfigurations.SimpleAsyncTaskSchedulerBuilderConfiguration#simpleAsyncTaskSchedulerBuilder matched:
      - @ConditionalOnMissingBean (types: org.springframework.boot.task.SimpleAsyncTaskSchedulerBuilder; SearchStrategy: all) did not find any beans (OnBeanCondition)
      - @ConditionalOnThreading found PLATFORM (OnThreadingCondition)

   TaskSchedulingConfigurations.TaskSchedulerBuilderConfiguration#taskSchedulerBuilder matched:
      - @ConditionalOnMissingBean (types: org.springframework.boot.task.TaskSchedulerBuilder; SearchStrategy: all) did not find any beans (OnBeanCondition)

   TaskSchedulingConfigurations.ThreadPoolTaskSchedulerBuilderConfiguration#threadPoolTaskSchedulerBuilder matched:
      - @ConditionalOnMissingBean (types: org.springframework.boot.task.TaskSchedulerBuilder,org.springframework.boot.task.ThreadPoolTaskSchedulerBuilder; SearchStrategy: all) did not find any beans (OnBeanCondition)

   TransactionAutoConfiguration matched:
      - @ConditionalOnClass found required class 'org.springframework.transaction.PlatformTransactionManager' (OnClassCondition)

   TransactionAutoConfiguration.EnableTransactionManagementConfiguration matched:
      - @ConditionalOnBean (types: org.springframework.transaction.TransactionManager; SearchStrategy: all) found bean 'transactionManager'; @ConditionalOnMissingBean (types: org.springframework.transaction.annotation.AbstractTransactionManagementConfiguration; SearchStrategy: all) did not find any beans (OnBeanCondition)

   TransactionAutoConfiguration.EnableTransactionManagementConfiguration.CglibAutoProxyConfiguration matched:
      - @ConditionalOnProperty (spring.aop.proxy-target-class=true) matched (OnPropertyCondition)

   TransactionAutoConfiguration.TransactionTemplateConfiguration matched:
      - @ConditionalOnSingleCandidate (types: org.springframework.transaction.PlatformTransactionManager; SearchStrategy: all) found a single bean 'transactionManager' (OnBeanCondition)

   TransactionAutoConfiguration.TransactionTemplateConfiguration#transactionTemplate matched:
      - @ConditionalOnMissingBean (types: org.springframework.transaction.support.TransactionOperations; SearchStrategy: all) did not find any beans (OnBeanCondition)

   TransactionManagerCustomizationAutoConfiguration matched:
      - @ConditionalOnClass found required class 'org.springframework.transaction.PlatformTransactionManager' (OnClassCondition)

   TransactionManagerCustomizationAutoConfiguration#platformTransactionManagerCustomizers matched:
      - @ConditionalOnMissingBean (types: org.springframework.boot.autoconfigure.transaction.TransactionManagerCustomizers; SearchStrategy: all) did not find any beans (OnBeanCondition)

   UserDetailsServiceAutoConfiguration matched:
      - @ConditionalOnClass found required class 'org.springframework.security.authentication.AuthenticationManager' (OnClassCondition)
      - AnyNestedCondition 1 matched 2 did not; NestedCondition on UserDetailsServiceAutoConfiguration.MissingAlternativeOrUserPropertiesConfigured.PasswordConfigured @ConditionalOnProperty (spring.security.user.password) did not find property 'password'; NestedCondition on UserDetailsServiceAutoConfiguration.MissingAlternativeOrUserPropertiesConfigured.NameConfigured @ConditionalOnProperty (spring.security.user.name) did not find property 'name'; NestedCondition on UserDetailsServiceAutoConfiguration.MissingAlternativeOrUserPropertiesConfigured.MissingAlternative @ConditionalOnMissingClass did not find unwanted classes 'org.springframework.security.oauth2.client.registration.ClientRegistrationRepository', 'org.springframework.security.oauth2.server.resource.introspection.OpaqueTokenIntrospector', 'org.springframework.security.saml2.provider.service.registration.RelyingPartyRegistrationRepository' (UserDetailsServiceAutoConfiguration.MissingAlternativeOrUserPropertiesConfigured)
      - @ConditionalOnBean (types: org.springframework.security.config.annotation.ObjectPostProcessor; SearchStrategy: all) found bean 'objectPostProcessor'; @ConditionalOnMissingBean (types: org.springframework.security.authentication.AuthenticationManager,org.springframework.security.authentication.AuthenticationProvider,org.springframework.security.core.userdetails.UserDetailsService,org.springframework.security.authentication.AuthenticationManagerResolver,org.springframework.security.oauth2.jwt.JwtDecoder; SearchStrategy: all) did not find any beans (OnBeanCondition)

   ValidationAutoConfiguration matched:
      - @ConditionalOnClass found required class 'jakarta.validation.executable.ExecutableValidator' (OnClassCondition)
      - @ConditionalOnResource found location classpath:META-INF/services/jakarta.validation.spi.ValidationProvider (OnResourceCondition)

   ValidationAutoConfiguration#defaultValidator matched:
      - @ConditionalOnMissingBean (types: jakarta.validation.Validator; SearchStrategy: all) did not find any beans (OnBeanCondition)

   ValidationAutoConfiguration#methodValidationPostProcessor matched:
      - @ConditionalOnMissingBean (types: org.springframework.validation.beanvalidation.MethodValidationPostProcessor; SearchStrategy: current) did not find any beans (OnBeanCondition)

   WebMvcAutoConfiguration matched:
      - @ConditionalOnClass found required classes 'jakarta.servlet.Servlet', 'org.springframework.web.servlet.DispatcherServlet', 'org.springframework.web.servlet.config.annotation.WebMvcConfigurer' (OnClassCondition)
      - found 'session' scope (OnWebApplicationCondition)
      - @ConditionalOnMissingBean (types: org.springframework.web.servlet.config.annotation.WebMvcConfigurationSupport; SearchStrategy: all) did not find any beans (OnBeanCondition)

   WebMvcAutoConfiguration#formContentFilter matched:
      - @ConditionalOnProperty (spring.mvc.formcontent.filter.enabled) matched (OnPropertyCondition)
      - @ConditionalOnMissingBean (types: org.springframework.web.filter.FormContentFilter; SearchStrategy: all) did not find any beans (OnBeanCondition)

   WebMvcAutoConfiguration#hiddenHttpMethodFilter matched:
      - @ConditionalOnProperty (spring.mvc.hiddenmethod.filter.enabled) matched (OnPropertyCondition)
      - @ConditionalOnMissingBean (types: org.springframework.web.filter.HiddenHttpMethodFilter; SearchStrategy: all) did not find any beans (OnBeanCondition)

   WebMvcAutoConfiguration.EnableWebMvcConfiguration#flashMapManager matched:
      - @ConditionalOnMissingBean (names: flashMapManager; SearchStrategy: all) did not find any beans (OnBeanCondition)

   WebMvcAutoConfiguration.EnableWebMvcConfiguration#localeResolver matched:
      - @ConditionalOnMissingBean (names: localeResolver; SearchStrategy: all) did not find any beans (OnBeanCondition)

   WebMvcAutoConfiguration.EnableWebMvcConfiguration#themeResolver matched:
      - @ConditionalOnMissingBean (names: themeResolver; SearchStrategy: all) did not find any beans (OnBeanCondition)

   WebMvcAutoConfiguration.WebMvcAutoConfigurationAdapter#defaultViewResolver matched:
      - @ConditionalOnMissingBean (types: org.springframework.web.servlet.view.InternalResourceViewResolver; SearchStrategy: all) did not find any beans (OnBeanCondition)

   WebMvcAutoConfiguration.WebMvcAutoConfigurationAdapter#requestContextFilter matched:
      - @ConditionalOnMissingBean (types: org.springframework.web.context.request.RequestContextListener,org.springframework.web.filter.RequestContextFilter; SearchStrategy: all) did not find any beans (OnBeanCondition)

   WebMvcAutoConfiguration.WebMvcAutoConfigurationAdapter#viewResolver matched:
      - @ConditionalOnBean (types: org.springframework.web.servlet.ViewResolver; SearchStrategy: all) found beans 'defaultViewResolver', 'beanNameViewResolver', 'mvcViewResolver'; @ConditionalOnMissingBean (names: viewResolver types: org.springframework.web.servlet.view.ContentNegotiatingViewResolver; SearchStrategy: all) did not find any beans (OnBeanCondition)

   WebSocketServletAutoConfiguration matched:
      - @ConditionalOnClass found required classes 'jakarta.servlet.Servlet', 'jakarta.websocket.server.ServerContainer' (OnClassCondition)
      - found 'session' scope (OnWebApplicationCondition)

   WebSocketServletAutoConfiguration.TomcatWebSocketConfiguration matched:
      - @ConditionalOnClass found required classes 'org.apache.catalina.startup.Tomcat', 'org.apache.tomcat.websocket.server.WsSci' (OnClassCondition)

   WebSocketServletAutoConfiguration.TomcatWebSocketConfiguration#websocketServletWebServerCustomizer matched:
      - @ConditionalOnMissingBean (names: websocketServletWebServerCustomizer; SearchStrategy: all) did not find any beans (OnBeanCondition)


Negative matches:
-----------------

   ActiveMQAutoConfiguration:
      Did not match:
         - @ConditionalOnClass did not find required class 'jakarta.jms.ConnectionFactory' (OnClassCondition)

   AopAutoConfiguration.AspectJAutoProxyingConfiguration.JdkDynamicAutoProxyConfiguration:
      Did not match:
         - @ConditionalOnProperty (spring.aop.proxy-target-class=false) did not find property 'proxy-target-class' (OnPropertyCondition)

   AopAutoConfiguration.ClassProxyingConfiguration:
      Did not match:
         - @ConditionalOnMissingClass found unwanted class 'org.aspectj.weaver.Advice' (OnClassCondition)

   ArtemisAutoConfiguration:
      Did not match:
         - @ConditionalOnClass did not find required class 'jakarta.jms.ConnectionFactory' (OnClassCondition)

   BatchAutoConfiguration:
      Did not match:
         - @ConditionalOnClass did not find required class 'org.springframework.batch.core.launch.JobLauncher' (OnClassCondition)

   Cache2kCacheConfiguration:
      Did not match:
         - @ConditionalOnClass did not find required class 'org.cache2k.Cache2kBuilder' (OnClassCondition)

   CacheAutoConfiguration:
      Did not match:
         - @ConditionalOnBean (types: org.springframework.cache.interceptor.CacheAspectSupport; SearchStrategy: all) did not find any beans of type org.springframework.cache.interceptor.CacheAspectSupport (OnBeanCondition)
      Matched:
         - @ConditionalOnClass found required class 'org.springframework.cache.CacheManager' (OnClassCondition)

   CacheAutoConfiguration.CacheManagerEntityManagerFactoryDependsOnPostProcessor:
      Did not match:
         - Ancestor org.springframework.boot.autoconfigure.cache.CacheAutoConfiguration did not match (ConditionEvaluationReport.AncestorsMatchedCondition)
      Matched:
         - @ConditionalOnClass found required class 'org.springframework.orm.jpa.LocalContainerEntityManagerFactoryBean' (OnClassCondition)

   CaffeineCacheConfiguration:
      Did not match:
         - @ConditionalOnClass did not find required class 'com.github.benmanes.caffeine.cache.Caffeine' (OnClassCondition)

   CassandraAutoConfiguration:
      Did not match:
         - @ConditionalOnClass did not find required class 'com.datastax.oss.driver.api.core.CqlSession' (OnClassCondition)

   CassandraDataAutoConfiguration:
      Did not match:
         - @ConditionalOnClass did not find required class 'com.datastax.oss.driver.api.core.CqlSession' (OnClassCondition)

   CassandraReactiveDataAutoConfiguration:
      Did not match:
         - @ConditionalOnClass did not find required class 'com.datastax.oss.driver.api.core.CqlSession' (OnClassCondition)

   CassandraReactiveRepositoriesAutoConfiguration:
      Did not match:
         - @ConditionalOnClass did not find required class 'org.springframework.data.cassandra.ReactiveSession' (OnClassCondition)

   CassandraRepositoriesAutoConfiguration:
      Did not match:
         - @ConditionalOnClass did not find required class 'com.datastax.oss.driver.api.core.CqlSession' (OnClassCondition)

   ClientHttpConnectorAutoConfiguration:
      Did not match:
         - @ConditionalOnClass did not find required class 'org.springframework.web.reactive.function.client.WebClient' (OnClassCondition)

   CodecsAutoConfiguration:
      Did not match:
         - @ConditionalOnClass did not find required class 'org.springframework.web.reactive.function.client.WebClient' (OnClassCondition)

   CouchbaseAutoConfiguration:
      Did not match:
         - @ConditionalOnClass did not find required class 'com.couchbase.client.java.Cluster' (OnClassCondition)

   CouchbaseCacheConfiguration:
      Did not match:
         - @ConditionalOnClass did not find required class 'com.couchbase.client.java.Cluster' (OnClassCondition)

   CouchbaseDataAutoConfiguration:
      Did not match:
         - @ConditionalOnClass did not find required class 'com.couchbase.client.java.Bucket' (OnClassCondition)

   CouchbaseReactiveDataAutoConfiguration:
      Did not match:
         - @ConditionalOnClass did not find required class 'com.couchbase.client.java.Cluster' (OnClassCondition)

   CouchbaseReactiveRepositoriesAutoConfiguration:
      Did not match:
         - @ConditionalOnClass did not find required class 'com.couchbase.client.java.Cluster' (OnClassCondition)

   CouchbaseRepositoriesAutoConfiguration:
      Did not match:
         - @ConditionalOnClass did not find required class 'com.couchbase.client.java.Bucket' (OnClassCondition)

   DataSourceAutoConfiguration.EmbeddedDatabaseConfiguration:
      Did not match:
         - EmbeddedDataSource spring.datasource.url is set (DataSourceAutoConfiguration.EmbeddedDatabaseCondition)

   DataSourceCheckpointRestoreConfiguration:
      Did not match:
         - @ConditionalOnClass did not find required class 'org.crac.Resource' (OnClassCondition)

   DataSourceConfiguration.Dbcp2:
      Did not match:
         - @ConditionalOnClass did not find required class 'org.apache.commons.dbcp2.BasicDataSource' (OnClassCondition)

   DataSourceConfiguration.Generic:
      Did not match:
         - @ConditionalOnProperty (spring.datasource.type) did not find property 'spring.datasource.type' (OnPropertyCondition)

   DataSourceConfiguration.OracleUcp:
      Did not match:
         - @ConditionalOnClass did not find required classes 'oracle.ucp.jdbc.PoolDataSourceImpl', 'oracle.jdbc.OracleConnection' (OnClassCondition)

   DataSourceConfiguration.Tomcat:
      Did not match:
         - @ConditionalOnClass did not find required class 'org.apache.tomcat.jdbc.pool.DataSource' (OnClassCondition)

   DataSourceJmxConfiguration:
      Did not match:
         - @ConditionalOnProperty (spring.jmx.enabled=true) found different value in property 'enabled' (OnPropertyCondition)

   DataSourcePoolMetadataProvidersConfiguration.CommonsDbcp2PoolDataSourceMetadataProviderConfiguration:
      Did not match:
         - @ConditionalOnClass did not find required class 'org.apache.commons.dbcp2.BasicDataSource' (OnClassCondition)

   DataSourcePoolMetadataProvidersConfiguration.OracleUcpPoolDataSourceMetadataProviderConfiguration:
      Did not match:
         - @ConditionalOnClass did not find required classes 'oracle.ucp.jdbc.PoolDataSource', 'oracle.jdbc.OracleConnection' (OnClassCondition)

   DataSourcePoolMetadataProvidersConfiguration.TomcatDataSourcePoolMetadataProviderConfiguration:
      Did not match:
         - @ConditionalOnClass did not find required class 'org.apache.tomcat.jdbc.pool.DataSource' (OnClassCondition)

   DataSourceTransactionManagerAutoConfiguration.JdbcTransactionManagerConfiguration#transactionManager:
      Did not match:
         - @ConditionalOnMissingBean (types: org.springframework.transaction.TransactionManager; SearchStrategy: all) found beans of type 'org.springframework.transaction.TransactionManager' transactionManager (OnBeanCondition)

   DispatcherServletAutoConfiguration.DispatcherServletConfiguration#multipartResolver:
      Did not match:
         - @ConditionalOnBean (types: org.springframework.web.multipart.MultipartResolver; SearchStrategy: all) did not find any beans of type org.springframework.web.multipart.MultipartResolver (OnBeanCondition)

   ElasticsearchClientAutoConfiguration:
      Did not match:
         - @ConditionalOnClass did not find required class 'co.elastic.clients.elasticsearch.ElasticsearchClient' (OnClassCondition)

   ElasticsearchDataAutoConfiguration:
      Did not match:
         - @ConditionalOnClass did not find required class 'org.springframework.data.elasticsearch.client.elc.ElasticsearchTemplate' (OnClassCondition)

   ElasticsearchRepositoriesAutoConfiguration:
      Did not match:
         - @ConditionalOnClass did not find required class 'org.springframework.data.elasticsearch.repository.ElasticsearchRepository' (OnClassCondition)

   ElasticsearchRestClientAutoConfiguration:
      Did not match:
         - @ConditionalOnClass did not find required class 'org.elasticsearch.client.RestClientBuilder' (OnClassCondition)

   EmbeddedLdapAutoConfiguration:
      Did not match:
         - @ConditionalOnClass did not find required class 'com.unboundid.ldap.listener.InMemoryDirectoryServer' (OnClassCondition)

   EmbeddedWebServerFactoryCustomizerAutoConfiguration:
      Did not match:
         - Application is deployed as a WAR file. (OnWarDeploymentCondition)
      Matched:
         - @ConditionalOnWebApplication (required) found 'session' scope (OnWebApplicationCondition)

   ErrorWebFluxAutoConfiguration:
      Did not match:
         - @ConditionalOnClass did not find required class 'org.springframework.web.reactive.config.WebFluxConfigurer' (OnClassCondition)

   FlywayAutoConfiguration:
      Did not match:
         - @ConditionalOnClass did not find required class 'org.flywaydb.core.Flyway' (OnClassCondition)

   FreeMarkerAutoConfiguration:
      Did not match:
         - @ConditionalOnClass did not find required class 'freemarker.template.Configuration' (OnClassCondition)

   GraphQlAutoConfiguration:
      Did not match:
         - @ConditionalOnClass did not find required class 'graphql.GraphQL' (OnClassCondition)

   GraphQlQueryByExampleAutoConfiguration:
      Did not match:
         - @ConditionalOnClass did not find required class 'graphql.GraphQL' (OnClassCondition)

   GraphQlQuerydslAutoConfiguration:
      Did not match:
         - @ConditionalOnClass did not find required class 'com.querydsl.core.Query' (OnClassCondition)

   GraphQlRSocketAutoConfiguration:
      Did not match:
         - @ConditionalOnClass did not find required class 'graphql.GraphQL' (OnClassCondition)

   GraphQlReactiveQueryByExampleAutoConfiguration:
      Did not match:
         - @ConditionalOnClass did not find required class 'graphql.GraphQL' (OnClassCondition)

   GraphQlReactiveQuerydslAutoConfiguration:
      Did not match:
         - @ConditionalOnClass did not find required class 'com.querydsl.core.Query' (OnClassCondition)

   GraphQlWebFluxAutoConfiguration:
      Did not match:
         - @ConditionalOnClass did not find required class 'graphql.GraphQL' (OnClassCondition)

   GraphQlWebFluxSecurityAutoConfiguration:
      Did not match:
         - @ConditionalOnClass did not find required class 'graphql.GraphQL' (OnClassCondition)

   GraphQlWebMvcAutoConfiguration:
      Did not match:
         - @ConditionalOnClass did not find required class 'graphql.GraphQL' (OnClassCondition)

   GraphQlWebMvcSecurityAutoConfiguration:
      Did not match:
         - @ConditionalOnClass did not find required class 'graphql.GraphQL' (OnClassCondition)

   GroovyTemplateAutoConfiguration:
      Did not match:
         - @ConditionalOnClass did not find required class 'groovy.text.markup.MarkupTemplateEngine' (OnClassCondition)

   GsonAutoConfiguration:
      Did not match:
         - @ConditionalOnClass did not find required class 'com.google.gson.Gson' (OnClassCondition)

   GsonHttpMessageConvertersConfiguration:
      Did not match:
         - @ConditionalOnClass did not find required class 'com.google.gson.Gson' (OnClassCondition)

   H2ConsoleAutoConfiguration:
      Did not match:
         - @ConditionalOnProperty (spring.h2.console.enabled=true) did not find property 'enabled' (OnPropertyCondition)
      Matched:
         - @ConditionalOnClass found required class 'org.h2.server.web.JakartaWebServlet' (OnClassCondition)
         - found 'session' scope (OnWebApplicationCondition)

   HazelcastAutoConfiguration:
      Did not match:
         - @ConditionalOnClass did not find required class 'com.hazelcast.core.HazelcastInstance' (OnClassCondition)

   HazelcastCacheConfiguration:
      Did not match:
         - @ConditionalOnClass did not find required class 'com.hazelcast.core.HazelcastInstance' (OnClassCondition)

   HazelcastJpaDependencyAutoConfiguration:
      Did not match:
         - @ConditionalOnClass did not find required class 'com.hazelcast.core.HazelcastInstance' (OnClassCondition)

   HttpHandlerAutoConfiguration:
      Did not match:
         - @ConditionalOnClass did not find required class 'org.springframework.web.reactive.DispatcherHandler' (OnClassCondition)

   HypermediaAutoConfiguration:
      Did not match:
         - @ConditionalOnClass did not find required class 'org.springframework.hateoas.EntityModel' (OnClassCondition)

   InfinispanCacheConfiguration:
      Did not match:
         - @ConditionalOnClass did not find required class 'org.infinispan.spring.embedded.provider.SpringEmbeddedCacheManager' (OnClassCondition)

   InfluxDbAutoConfiguration:
      Did not match:
         - @ConditionalOnClass did not find required class 'org.influxdb.InfluxDB' (OnClassCondition)

   IntegrationAutoConfiguration:
      Did not match:
         - @ConditionalOnClass did not find required class 'org.springframework.integration.config.EnableIntegration' (OnClassCondition)

   JCacheCacheConfiguration:
      Did not match:
         - @ConditionalOnClass did not find required class 'javax.cache.Caching' (OnClassCondition)

   JacksonHttpMessageConvertersConfiguration.MappingJackson2XmlHttpMessageConverterConfiguration:
      Did not match:
         - @ConditionalOnClass did not find required class 'com.fasterxml.jackson.dataformat.xml.XmlMapper' (OnClassCondition)

   JdbcRepositoriesAutoConfiguration:
      Did not match:
         - @ConditionalOnClass did not find required class 'org.springframework.data.jdbc.repository.config.AbstractJdbcConfiguration' (OnClassCondition)

   JerseyAutoConfiguration:
      Did not match:
         - @ConditionalOnClass did not find required class 'org.glassfish.jersey.server.spring.SpringComponentProvider' (OnClassCondition)

   JmsAutoConfiguration:
      Did not match:
         - @ConditionalOnClass did not find required class 'jakarta.jms.Message' (OnClassCondition)

   JmxAutoConfiguration:
      Did not match:
         - @ConditionalOnProperty (spring.jmx.enabled=true) found different value in property 'enabled' (OnPropertyCondition)
      Matched:
         - @ConditionalOnClass found required class 'org.springframework.jmx.export.MBeanExporter' (OnClassCondition)

   JndiConnectionFactoryAutoConfiguration:
      Did not match:
         - @ConditionalOnClass did not find required class 'org.springframework.jms.core.JmsTemplate' (OnClassCondition)

   JndiDataSourceAutoConfiguration:
      Did not match:
         - @ConditionalOnProperty (spring.datasource.jndi-name) did not find property 'jndi-name' (OnPropertyCondition)
      Matched:
         - @ConditionalOnClass found required classes 'javax.sql.DataSource', 'org.springframework.jdbc.datasource.embedded.EmbeddedDatabaseType' (OnClassCondition)

   JndiJtaConfiguration:
      Did not match:
         - @ConditionalOnJndi JNDI environment is not available (OnJndiCondition)
      Matched:
         - @ConditionalOnClass found required class 'org.springframework.transaction.jta.JtaTransactionManager' (OnClassCondition)

   JooqAutoConfiguration:
      Did not match:
         - @ConditionalOnClass did not find required class 'org.jooq.DSLContext' (OnClassCondition)

   JpaBaseConfiguration.JpaWebConfiguration:
      Did not match:
         - @ConditionalOnProperty (spring.jpa.open-in-view=true) found different value in property 'open-in-view' (OnPropertyCondition)
      Matched:
         - @ConditionalOnClass found required class 'org.springframework.web.servlet.config.annotation.WebMvcConfigurer' (OnClassCondition)
         - found 'session' scope (OnWebApplicationCondition)

   JpaRepositoriesAutoConfiguration#entityManagerFactoryBootstrapExecutorCustomizer:
      Did not match:
         - AnyNestedCondition 0 matched 2 did not; NestedCondition on JpaRepositoriesAutoConfiguration.BootstrapExecutorCondition.LazyBootstrapMode @ConditionalOnProperty (spring.data.jpa.repositories.bootstrap-mode=lazy) did not find property 'bootstrap-mode'; NestedCondition on JpaRepositoriesAutoConfiguration.BootstrapExecutorCondition.DeferredBootstrapMode @ConditionalOnProperty (spring.data.jpa.repositories.bootstrap-mode=deferred) did not find property 'bootstrap-mode' (JpaRepositoriesAutoConfiguration.BootstrapExecutorCondition)

   JsonbAutoConfiguration:
      Did not match:
         - @ConditionalOnClass did not find required class 'jakarta.json.bind.Jsonb' (OnClassCondition)

   JsonbHttpMessageConvertersConfiguration:
      Did not match:
         - @ConditionalOnClass did not find required class 'jakarta.json.bind.Jsonb' (OnClassCondition)

   KafkaAutoConfiguration:
      Did not match:
         - @ConditionalOnClass did not find required class 'org.springframework.kafka.core.KafkaTemplate' (OnClassCondition)

   LdapAutoConfiguration:
      Did not match:
         - @ConditionalOnClass did not find required class 'org.springframework.ldap.core.ContextSource' (OnClassCondition)

   LdapRepositoriesAutoConfiguration:
      Did not match:
         - @ConditionalOnClass did not find required class 'org.springframework.data.ldap.repository.LdapRepository' (OnClassCondition)

   LiquibaseAutoConfiguration:
      Did not match:
         - @ConditionalOnClass did not find required class 'liquibase.change.DatabaseChange' (OnClassCondition)

   MailSenderJndiConfiguration:
      Did not match:
         - @ConditionalOnProperty (spring.mail.jndi-name) did not find property 'jndi-name' (OnPropertyCondition)
      Matched:
         - @ConditionalOnClass found required class 'jakarta.mail.Session' (OnClassCondition)

   MailSenderValidatorAutoConfiguration:
      Did not match:
         - @ConditionalOnProperty (spring.mail.test-connection) did not find property 'test-connection' (OnPropertyCondition)

   MessageSourceAutoConfiguration:
      Did not match:
         - ResourceBundle did not find bundle with basename messages (MessageSourceAutoConfiguration.ResourceBundleCondition)

   MockMvcAutoConfiguration#dispatcherServlet:
      Did not match:
         - @ConditionalOnMissingBean (types: org.springframework.web.servlet.DispatcherServlet; SearchStrategy: all) found beans of type 'org.springframework.web.servlet.DispatcherServlet' dispatcherServlet (OnBeanCondition)

   MockMvcAutoConfiguration#dispatcherServletPath:
      Did not match:
         - @ConditionalOnMissingBean (types: org.springframework.boot.autoconfigure.web.servlet.DispatcherServletPath; SearchStrategy: all) found beans of type 'org.springframework.boot.autoconfigure.web.servlet.DispatcherServletPath' dispatcherServletRegistration (OnBeanCondition)

   MockMvcAutoConfiguration.WebTestClientMockMvcConfiguration:
      Did not match:
         - @ConditionalOnClass did not find required class 'org.springframework.web.reactive.function.client.WebClient' (OnClassCondition)

   MockMvcSecurityConfiguration:
      Did not match:
         - @ConditionalOnClass did not find required class 'org.springframework.security.test.web.servlet.request.SecurityMockMvcRequestPostProcessors' (OnClassCondition)

   MockMvcWebClientAutoConfiguration:
      Did not match:
         - @ConditionalOnClass did not find required class 'com.gargoylesoftware.htmlunit.WebClient' (OnClassCondition)

   MockMvcWebDriverAutoConfiguration:
      Did not match:
         - @ConditionalOnClass did not find required class 'org.openqa.selenium.htmlunit.HtmlUnitDriver' (OnClassCondition)

   MongoAutoConfiguration:
      Did not match:
         - @ConditionalOnClass did not find required class 'com.mongodb.client.MongoClient' (OnClassCondition)

   MongoDataAutoConfiguration:
      Did not match:
         - @ConditionalOnClass did not find required class 'com.mongodb.client.MongoClient' (OnClassCondition)

   MongoReactiveAutoConfiguration:
      Did not match:
         - @ConditionalOnClass did not find required class 'com.mongodb.reactivestreams.client.MongoClient' (OnClassCondition)

   MongoReactiveDataAutoConfiguration:
      Did not match:
         - @ConditionalOnClass did not find required class 'com.mongodb.reactivestreams.client.MongoClient' (OnClassCondition)

   MongoReactiveRepositoriesAutoConfiguration:
      Did not match:
         - @ConditionalOnClass did not find required class 'com.mongodb.reactivestreams.client.MongoClient' (OnClassCondition)

   MongoRepositoriesAutoConfiguration:
      Did not match:
         - @ConditionalOnClass did not find required class 'com.mongodb.client.MongoClient' (OnClassCondition)

   MustacheAutoConfiguration:
      Did not match:
         - @ConditionalOnClass did not find required class 'com.samskivert.mustache.Mustache' (OnClassCondition)

   Neo4jAutoConfiguration:
      Did not match:
         - @ConditionalOnClass did not find required class 'org.neo4j.driver.Driver' (OnClassCondition)

   Neo4jDataAutoConfiguration:
      Did not match:
         - @ConditionalOnClass did not find required class 'org.neo4j.driver.Driver' (OnClassCondition)

   Neo4jReactiveDataAutoConfiguration:
      Did not match:
         - @ConditionalOnClass did not find required class 'org.neo4j.driver.Driver' (OnClassCondition)

   Neo4jReactiveRepositoriesAutoConfiguration:
      Did not match:
         - @ConditionalOnClass did not find required class 'org.neo4j.driver.Driver' (OnClassCondition)

   Neo4jRepositoriesAutoConfiguration:
      Did not match:
         - @ConditionalOnClass did not find required class 'org.neo4j.driver.Driver' (OnClassCondition)

   NettyAutoConfiguration:
      Did not match:
         - @ConditionalOnClass did not find required class 'io.netty.util.NettyRuntime' (OnClassCondition)

   OAuth2AuthorizationServerAutoConfiguration:
      Did not match:
         - @ConditionalOnClass did not find required class 'org.springframework.security.oauth2.server.authorization.OAuth2Authorization' (OnClassCondition)

   OAuth2AuthorizationServerJwtAutoConfiguration:
      Did not match:
         - @ConditionalOnClass did not find required class 'org.springframework.security.oauth2.server.authorization.OAuth2Authorization' (OnClassCondition)

   OAuth2ClientAutoConfiguration:
      Did not match:
         - @ConditionalOnClass did not find required class 'org.springframework.security.oauth2.client.registration.ClientRegistration' (OnClassCondition)

   OAuth2ResourceServerAutoConfiguration:
      Did not match:
         - @ConditionalOnClass did not find required class 'org.springframework.security.oauth2.server.resource.authentication.BearerTokenAuthenticationToken' (OnClassCondition)

   ProjectInfoAutoConfiguration#buildProperties:
      Did not match:
         - @ConditionalOnResource did not find resource '${spring.info.build.location:classpath:META-INF/build-info.properties}' (OnResourceCondition)

   ProjectInfoAutoConfiguration#gitProperties:
      Did not match:
         - GitResource did not find git info at classpath:git.properties (ProjectInfoAutoConfiguration.GitResourceAvailableCondition)

   PulsarAutoConfiguration:
      Did not match:
         - @ConditionalOnClass did not find required class 'org.apache.pulsar.client.api.PulsarClient' (OnClassCondition)

   PulsarReactiveAutoConfiguration:
      Did not match:
         - @ConditionalOnClass did not find required class 'org.apache.pulsar.client.api.PulsarClient' (OnClassCondition)

   QuartzAutoConfiguration:
      Did not match:
         - @ConditionalOnClass did not find required class 'org.quartz.Scheduler' (OnClassCondition)

   R2dbcAutoConfiguration:
      Did not match:
         - @ConditionalOnClass did not find required class 'io.r2dbc.spi.ConnectionFactory' (OnClassCondition)

   R2dbcDataAutoConfiguration:
      Did not match:
         - @ConditionalOnClass did not find required class 'org.springframework.data.r2dbc.core.R2dbcEntityTemplate' (OnClassCondition)

   R2dbcInitializationConfiguration:
      Did not match:
         - @ConditionalOnClass did not find required classes 'io.r2dbc.spi.ConnectionFactory', 'org.springframework.r2dbc.connection.init.DatabasePopulator' (OnClassCondition)

   R2dbcRepositoriesAutoConfiguration:
      Did not match:
         - @ConditionalOnClass did not find required class 'io.r2dbc.spi.ConnectionFactory' (OnClassCondition)

   R2dbcTransactionManagerAutoConfiguration:
      Did not match:
         - @ConditionalOnClass did not find required class 'org.springframework.r2dbc.connection.R2dbcTransactionManager' (OnClassCondition)

   RSocketGraphQlClientAutoConfiguration:
      Did not match:
         - @ConditionalOnClass did not find required class 'graphql.GraphQL' (OnClassCondition)

   RSocketMessagingAutoConfiguration:
      Did not match:
         - @ConditionalOnClass did not find required class 'io.rsocket.RSocket' (OnClassCondition)

   RSocketRequesterAutoConfiguration:
      Did not match:
         - @ConditionalOnClass did not find required class 'io.rsocket.RSocket' (OnClassCondition)

   RSocketSecurityAutoConfiguration:
      Did not match:
         - @ConditionalOnClass did not find required class 'org.springframework.security.rsocket.core.SecuritySocketAcceptorInterceptor' (OnClassCondition)

   RSocketServerAutoConfiguration:
      Did not match:
         - @ConditionalOnClass did not find required class 'io.rsocket.core.RSocketServer' (OnClassCondition)

   RSocketStrategiesAutoConfiguration:
      Did not match:
         - @ConditionalOnClass did not find required class 'io.netty.buffer.PooledByteBufAllocator' (OnClassCondition)

   RabbitAutoConfiguration:
      Did not match:
         - @ConditionalOnClass did not find required class 'com.rabbitmq.client.Channel' (OnClassCondition)

   ReactiveElasticsearchClientAutoConfiguration:
      Did not match:
         - @ConditionalOnClass did not find required class 'co.elastic.clients.transport.ElasticsearchTransport' (OnClassCondition)

   ReactiveElasticsearchRepositoriesAutoConfiguration:
      Did not match:
         - @ConditionalOnClass did not find required class 'reactor.core.publisher.Mono' (OnClassCondition)

   ReactiveMultipartAutoConfiguration:
      Did not match:
         - @ConditionalOnClass did not find required class 'org.springframework.web.reactive.config.WebFluxConfigurer' (OnClassCondition)

   ReactiveOAuth2ClientAutoConfiguration:
      Did not match:
         - @ConditionalOnClass did not find required class 'reactor.core.publisher.Flux' (OnClassCondition)

   ReactiveOAuth2ResourceServerAutoConfiguration:
      Did not match:
         - @ConditionalOnWebApplication did not find reactive web application classes (OnWebApplicationCondition)

   ReactiveSecurityAutoConfiguration:
      Did not match:
         - @ConditionalOnClass did not find required class 'reactor.core.publisher.Flux' (OnClassCondition)

   ReactiveUserDetailsServiceAutoConfiguration:
      Did not match:
         - AnyNestedCondition 0 matched 2 did not; NestedCondition on ReactiveUserDetailsServiceAutoConfiguration.RSocketEnabledOrReactiveWebApplication.ReactiveWebApplicationCondition did not find reactive web application classes; NestedCondition on ReactiveUserDetailsServiceAutoConfiguration.RSocketEnabledOrReactiveWebApplication.RSocketSecurityEnabledCondition @ConditionalOnBean (types: org.springframework.messaging.rsocket.annotation.support.RSocketMessageHandler; SearchStrategy: all) did not find any beans of type org.springframework.messaging.rsocket.annotation.support.RSocketMessageHandler (ReactiveUserDetailsServiceAutoConfiguration.RSocketEnabledOrReactiveWebApplication)
      Matched:
[...]
        pr1_0.reset_token_hash,
        pr1_0.user_id 
    from
        password_resets pr1_0 
    join
        user_accounts u1_0 
            on u1_0.id=pr1_0.user_id 
    where
        upper(u1_0.email_id)=upper(?) 
    order by
        pr1_0.created_at desc 
    fetch
        first ? rows only for update
2026-09-25T18:17:26.228+05:30 DEBUG 5332 --- [real-estate-crm] [           main] org.hibernate.SQL                        : 
    select
        ua1_0.id,
        ua1_0.email_id,
        ua1_0.name,
        ua1_0.password,
        ua1_0.phone_number,
        ua1_0.role 
    from
        user_accounts ua1_0 
    where
        upper(ua1_0.email_id)=upper(?) 
        and ua1_0.role=?
2026-09-25T18:17:26.228+05:30 DEBUG 5332 --- [real-estate-crm] [           main] org.hibernate.SQL                        : 
    select
        pr1_0.id,
        pr1_0.consumed_at,
        pr1_0.created_at,
        pr1_0.encrypted_otp,
        pr1_0.otp_attempts,
        pr1_0.otp_expires_at,
        pr1_0.otp_hash,
        pr1_0.otp_verified_at,
        pr1_0.reset_token_expires_at,
        pr1_0.reset_token_hash,
        pr1_0.user_id 
    from
        password_resets pr1_0 
    join
        user_accounts u1_0 
            on u1_0.id=pr1_0.user_id 
    where
        upper(u1_0.email_id)=upper(?) 
    order by
        pr1_0.created_at desc 
    fetch
        first ? rows only for update
2026-09-25T18:17:26.228+05:30 DEBUG 5332 --- [real-estate-crm] [           main] org.hibernate.SQL                        : 
    update
        password_resets 
    set
        consumed_at=?,
        created_at=?,
        encrypted_otp=?,
        otp_attempts=?,
        otp_expires_at=?,
        otp_hash=?,
        otp_verified_at=?,
        reset_token_expires_at=?,
        reset_token_hash=?,
        user_id=? 
    where
        id=?
]]></system-out>
  </testcase>
  <testcase name="unknownEmailDoesNotSendOrCreateUser" classname="com.realestate.controller.PasswordResetFlowTest" time="0.133">
    <system-out><![CDATA[2026-09-25T18:17:26.247+05:30 DEBUG 5332 --- [real-estate-crm] [           main] org.hibernate.SQL                        : 
    select
        pr1_0.id,
        pr1_0.consumed_at,
        pr1_0.created_at,
        pr1_0.encrypted_otp,
        pr1_0.otp_attempts,
        pr1_0.otp_expires_at,
        pr1_0.otp_hash,
        pr1_0.otp_verified_at,
        pr1_0.reset_token_expires_at,
        pr1_0.reset_token_hash,
        pr1_0.user_id 
    from
        password_resets pr1_0
2026-09-25T18:17:26.247+05:30 DEBUG 5332 --- [real-estate-crm] [           main] org.hibernate.SQL                        : 
    delete 
    from
        password_resets 
    where
        id=?
2026-09-25T18:17:26.247+05:30 DEBUG 5332 --- [real-estate-crm] [           main] org.hibernate.SQL                        : 
    delete 
    from
        password_resets 
    where
        id=?
2026-09-25T18:17:26.247+05:30 DEBUG 5332 --- [real-estate-crm] [           main] org.hibernate.SQL                        : 
    select
        ua1_0.id,
        ua1_0.email_id,
        ua1_0.name,
        ua1_0.password,
        ua1_0.phone_number,
        ua1_0.role 
    from
        user_accounts ua1_0 
    where
        upper(ua1_0.email_id)=upper(?)
2026-09-25T18:17:26.247+05:30 DEBUG 5332 --- [real-estate-crm] [           main] org.hibernate.SQL                        : 
    select
        ua1_0.id,
        ua1_0.email_id,
        ua1_0.name,
        ua1_0.password,
        ua1_0.phone_number,
        ua1_0.role 
    from
        user_accounts ua1_0 
    where
        ua1_0.id=?
2026-09-25T18:17:26.247+05:30 DEBUG 5332 --- [real-estate-crm] [           main] org.hibernate.SQL                        : 
    delete 
    from
        user_accounts 
    where
        id=?
2026-09-25T18:17:26.362+05:30 DEBUG 5332 --- [real-estate-crm] [           main] org.hibernate.SQL                        : 
    insert 
    into
        user_accounts
        (email_id, name, password, phone_number, role, id) 
    values
        (?, ?, ?, ?, ?, default)
2026-09-25T18:17:26.362+05:30 DEBUG 5332 --- [real-estate-crm] [           main] org.hibernate.SQL                        : 
    select
        count(*) 
    from
        user_accounts ua1_0
2026-09-25T18:17:26.379+05:30 DEBUG 5332 --- [real-estate-crm] [           main] org.hibernate.SQL                        : 
    select
        ua1_0.id,
        ua1_0.email_id,
        ua1_0.name,
        ua1_0.password,
        ua1_0.phone_number,
        ua1_0.role 
    from
        user_accounts ua1_0 
    where
        lower(ua1_0.email_id)=lower(?) for update
2026-09-25T18:17:26.379+05:30 DEBUG 5332 --- [real-estate-crm] [           main] org.hibernate.SQL                        : 
    select
        count(*) 
    from
        user_accounts ua1_0
2026-09-25T18:17:26.379+05:30 DEBUG 5332 --- [real-estate-crm] [           main] org.hibernate.SQL                        : 
    select
        count(*) 
    from
        password_resets pr1_0
]]></system-out>
  </testcase>
  <testcase name="resetTokenExpires" classname="com.realestate.controller.PasswordResetFlowTest" time="0.183">
    <system-out><![CDATA[2026-09-25T18:17:26.397+05:30 DEBUG 5332 --- [real-estate-crm] [           main] org.hibernate.SQL                        : 
    select
        pr1_0.id,
        pr1_0.consumed_at,
        pr1_0.created_at,
        pr1_0.encrypted_otp,
        pr1_0.otp_attempts,
        pr1_0.otp_expires_at,
        pr1_0.otp_hash,
        pr1_0.otp_verified_at,
        pr1_0.reset_token_expires_at,
        pr1_0.reset_token_hash,
        pr1_0.user_id 
    from
        password_resets pr1_0
2026-09-25T18:17:26.397+05:30 DEBUG 5332 --- [real-estate-crm] [           main] org.hibernate.SQL                        : 
    select
        ua1_0.id,
        ua1_0.email_id,
        ua1_0.name,
        ua1_0.password,
        ua1_0.phone_number,
        ua1_0.role 
    from
        user_accounts ua1_0 
    where
        upper(ua1_0.email_id)=upper(?)
2026-09-25T18:17:26.397+05:30 DEBUG 5332 --- [real-estate-crm] [           main] org.hibernate.SQL                        : 
    select
        ua1_0.id,
        ua1_0.email_id,
        ua1_0.name,
        ua1_0.password,
        ua1_0.phone_number,
        ua1_0.role 
    from
        user_accounts ua1_0 
    where
        ua1_0.id=?
2026-09-25T18:17:26.397+05:30 DEBUG 5332 --- [real-estate-crm] [           main] org.hibernate.SQL                        : 
    delete 
    from
        user_accounts 
    where
        id=?
2026-09-25T18:17:26.514+05:30 DEBUG 5332 --- [real-estate-crm] [           main] org.hibernate.SQL                        : 
    insert 
    into
        user_accounts
        (email_id, name, password, phone_number, role, id) 
    values
        (?, ?, ?, ?, ?, default)
2026-09-25T18:17:26.514+05:30 DEBUG 5332 --- [real-estate-crm] [           main] org.hibernate.SQL                        : 
    select
        ua1_0.id,
        ua1_0.email_id,
        ua1_0.name,
        ua1_0.password,
        ua1_0.phone_number,
        ua1_0.role 
    from
        user_accounts ua1_0 
    where
        lower(ua1_0.email_id)=lower(?) for update
2026-09-25T18:17:26.530+05:30 DEBUG 5332 --- [real-estate-crm] [           main] org.hibernate.SQL                        : 
    select
        pr1_0.id,
        pr1_0.consumed_at,
        pr1_0.created_at,
        pr1_0.encrypted_otp,
        pr1_0.otp_attempts,
        pr1_0.otp_expires_at,
        pr1_0.otp_hash,
        pr1_0.otp_verified_at,
        pr1_0.reset_token_expires_at,
        pr1_0.reset_token_hash,
        pr1_0.user_id 
    from
        password_resets pr1_0 
    join
        user_accounts u1_0 
            on u1_0.id=pr1_0.user_id 
    where
        upper(u1_0.email_id)=upper(?) 
    order by
        pr1_0.created_at desc 
    fetch
        first ? rows only for update
2026-09-25T18:17:26.530+05:30 DEBUG 5332 --- [real-estate-crm] [           main] org.hibernate.SQL                        : 
    select
        pr1_0.id,
        pr1_0.consumed_at,
        pr1_0.created_at,
        pr1_0.encrypted_otp,
        pr1_0.otp_attempts,
        pr1_0.otp_expires_at,
        pr1_0.otp_hash,
        pr1_0.otp_verified_at,
        pr1_0.reset_token_expires_at,
        pr1_0.reset_token_hash,
        pr1_0.user_id 
    from
        password_resets pr1_0 
    where
        pr1_0.user_id=? 
        and pr1_0.consumed_at is null
2026-09-25T18:17:26.530+05:30 DEBUG 5332 --- [real-estate-crm] [           main] org.hibernate.SQL                        : 
    insert 
    into
        password_resets
        (consumed_at, created_at, encrypted_otp, otp_attempts, otp_expires_at, otp_hash, otp_verified_at, reset_token_expires_at, reset_token_hash, user_id, id) 
    values
        (?, ?, ?, ?, ?, ?, ?, ?, ?, ?, default)
2026-09-25T18:17:26.530+05:30 DEBUG 5332 --- [real-estate-crm] [           main] org.hibernate.SQL                        : 
    select
        ua1_0.id,
        ua1_0.email_id,
        ua1_0.name,
        ua1_0.password,
        ua1_0.phone_number,
        ua1_0.role 
    from
        user_accounts ua1_0 
    where
        upper(ua1_0.email_id)=upper(?) 
        and ua1_0.role=?
2026-09-25T18:17:26.545+05:30 DEBUG 5332 --- [real-estate-crm] [           main] org.hibernate.SQL                        : 
    select
        pr1_0.id,
        pr1_0.consumed_at,
        pr1_0.created_at,
        pr1_0.encrypted_otp,
        pr1_0.otp_attempts,
        pr1_0.otp_expires_at,
        pr1_0.otp_hash,
        pr1_0.otp_verified_at,
        pr1_0.reset_token_expires_at,
        pr1_0.reset_token_hash,
        pr1_0.user_id 
    from
        password_resets pr1_0 
    join
        user_accounts u1_0 
            on u1_0.id=pr1_0.user_id 
    where
        upper(u1_0.email_id)=upper(?) 
    order by
        pr1_0.created_at desc 
    fetch
        first ? rows only for update
2026-09-25T18:17:26.549+05:30 DEBUG 5332 --- [real-estate-crm] [           main] org.hibernate.SQL                        : 
    update
        password_resets 
    set
        consumed_at=?,
        created_at=?,
        encrypted_otp=?,
        otp_attempts=?,
        otp_expires_at=?,
        otp_hash=?,
        otp_verified_at=?,
        reset_token_expires_at=?,
        reset_token_hash=?,
        user_id=? 
    where
        id=?
2026-09-25T18:17:26.549+05:30 DEBUG 5332 --- [real-estate-crm] [           main] org.hibernate.SQL                        : 
    select
        pr1_0.id,
        pr1_0.consumed_at,
        pr1_0.created_at,
        pr1_0.encrypted_otp,
        pr1_0.otp_attempts,
        pr1_0.otp_expires_at,
        pr1_0.otp_hash,
        pr1_0.otp_verified_at,
        pr1_0.reset_token_expires_at,
        pr1_0.reset_token_hash,
        pr1_0.user_id 
    from
        password_resets pr1_0
2026-09-25T18:17:26.549+05:30 DEBUG 5332 --- [real-estate-crm] [           main] org.hibernate.SQL                        : 
    select
        pr1_0.id,
        pr1_0.consumed_at,
        pr1_0.created_at,
        pr1_0.encrypted_otp,
        pr1_0.otp_attempts,
        pr1_0.otp_expires_at,
        pr1_0.otp_hash,
        pr1_0.otp_verified_at,
        pr1_0.reset_token_expires_at,
        pr1_0.reset_token_hash,
        pr1_0.user_id 
    from
        password_resets pr1_0 
    where
        pr1_0.id=?
2026-09-25T18:17:26.549+05:30 DEBUG 5332 --- [real-estate-crm] [           main] org.hibernate.SQL                        : 
    update
        password_resets 
    set
        consumed_at=?,
        created_at=?,
        encrypted_otp=?,
        otp_attempts=?,
        otp_expires_at=?,
        otp_hash=?,
        otp_verified_at=?,
        reset_token_expires_at=?,
        reset_token_hash=?,
        user_id=? 
    where
        id=?
2026-09-25T18:17:26.562+05:30 DEBUG 5332 --- [real-estate-crm] [           main] org.hibernate.SQL                        : 
    select
        pr1_0.id,
        pr1_0.consumed_at,
        pr1_0.created_at,
        pr1_0.encrypted_otp,
        pr1_0.otp_attempts,
        pr1_0.otp_expires_at,
        pr1_0.otp_hash,
        pr1_0.otp_verified_at,
        pr1_0.reset_token_expires_at,
        pr1_0.reset_token_hash,
        pr1_0.user_id 
    from
        password_resets pr1_0 
    where
        pr1_0.reset_token_hash=? 
        and pr1_0.consumed_at is null for update
]]></system-out>
  </testcase>
  <testcase name="temporaryPasswordExpiresAndRequestsAreThrottled" classname="com.realestate.controller.PasswordResetFlowTest" time="0.3">
    <system-out><![CDATA[2026-09-25T18:17:26.562+05:30 DEBUG 5332 --- [real-estate-crm] [           main] org.hibernate.SQL                        : 
    select
        pr1_0.id,
        pr1_0.consumed_at,
        pr1_0.created_at,
        pr1_0.encrypted_otp,
        pr1_0.otp_attempts,
        pr1_0.otp_expires_at,
        pr1_0.otp_hash,
        pr1_0.otp_verified_at,
        pr1_0.reset_token_expires_at,
        pr1_0.reset_token_hash,
        pr1_0.user_id 
    from
        password_resets pr1_0
2026-09-25T18:17:26.579+05:30 DEBUG 5332 --- [real-estate-crm] [           main] org.hibernate.SQL                        : 
    delete 
    from
        password_resets 
    where
        id=?
2026-09-25T18:17:26.579+05:30 DEBUG 5332 --- [real-estate-crm] [           main] org.hibernate.SQL                        : 
    select
        ua1_0.id,
        ua1_0.email_id,
        ua1_0.name,
        ua1_0.password,
        ua1_0.phone_number,
        ua1_0.role 
    from
        user_accounts ua1_0 
    where
        upper(ua1_0.email_id)=upper(?)
2026-09-25T18:17:26.579+05:30 DEBUG 5332 --- [real-estate-crm] [           main] org.hibernate.SQL                        : 
    select
        ua1_0.id,
        ua1_0.email_id,
        ua1_0.name,
        ua1_0.password,
        ua1_0.phone_number,
        ua1_0.role 
    from
        user_accounts ua1_0 
    where
        ua1_0.id=?
2026-09-25T18:17:26.579+05:30 DEBUG 5332 --- [real-estate-crm] [           main] org.hibernate.SQL                        : 
    delete 
    from
        user_accounts 
    where
        id=?
2026-09-25T18:17:26.695+05:30 DEBUG 5332 --- [real-estate-crm] [           main] org.hibernate.SQL                        : 
    insert 
    into
        user_accounts
        (email_id, name, password, phone_number, role, id) 
    values
        (?, ?, ?, ?, ?, default)
2026-09-25T18:17:26.695+05:30 DEBUG 5332 --- [real-estate-crm] [           main] org.hibernate.SQL                        : 
    select
        ua1_0.id,
        ua1_0.email_id,
        ua1_0.name,
        ua1_0.password,
        ua1_0.phone_number,
        ua1_0.role 
    from
        user_accounts ua1_0 
    where
        lower(ua1_0.email_id)=lower(?) for update
2026-09-25T18:17:26.695+05:30 DEBUG 5332 --- [real-estate-crm] [           main] org.hibernate.SQL                        : 
    select
        pr1_0.id,
        pr1_0.consumed_at,
        pr1_0.created_at,
        pr1_0.encrypted_otp,
        pr1_0.otp_attempts,
        pr1_0.otp_expires_at,
        pr1_0.otp_hash,
        pr1_0.otp_verified_at,
        pr1_0.reset_token_expires_at,
        pr1_0.reset_token_hash,
        pr1_0.user_id 
    from
        password_resets pr1_0 
    join
        user_accounts u1_0 
            on u1_0.id=pr1_0.user_id 
    where
        upper(u1_0.email_id)=upper(?) 
    order by
        pr1_0.created_at desc 
    fetch
        first ? rows only for update
2026-09-25T18:17:26.712+05:30 DEBUG 5332 --- [real-estate-crm] [           main] org.hibernate.SQL                        : 
    select
        pr1_0.id,
        pr1_0.consumed_at,
        pr1_0.created_at,
        pr1_0.encrypted_otp,
        pr1_0.otp_attempts,
        pr1_0.otp_expires_at,
        pr1_0.otp_hash,
        pr1_0.otp_verified_at,
        pr1_0.reset_token_expires_at,
        pr1_0.reset_token_hash,
        pr1_0.user_id 
    from
        password_resets pr1_0 
    where
        pr1_0.user_id=? 
        and pr1_0.consumed_at is null
2026-09-25T18:17:26.712+05:30 DEBUG 5332 --- [real-estate-crm] [           main] org.hibernate.SQL                        : 
    insert 
    into
        password_resets
        (consumed_at, created_at, encrypted_otp, otp_attempts, otp_expires_at, otp_hash, otp_verified_at, reset_token_expires_at, reset_token_hash, user_id, id) 
    values
        (?, ?, ?, ?, ?, ?, ?, ?, ?, ?, default)
2026-09-25T18:17:26.712+05:30 DEBUG 5332 --- [real-estate-crm] [           main] org.hibernate.SQL                        : 
    select
        ua1_0.id,
        ua1_0.email_id,
        ua1_0.name,
        ua1_0.password,
        ua1_0.phone_number,
        ua1_0.role 
    from
        user_accounts ua1_0 
    where
        lower(ua1_0.email_id)=lower(?) for update
2026-09-25T18:17:26.712+05:30 DEBUG 5332 --- [real-estate-crm] [           main] org.hibernate.SQL                        : 
    select
        pr1_0.id,
        pr1_0.consumed_at,
        pr1_0.created_at,
        pr1_0.encrypted_otp,
        pr1_0.otp_attempts,
        pr1_0.otp_expires_at,
        pr1_0.otp_hash,
        pr1_0.otp_verified_at,
        pr1_0.reset_token_expires_at,
        pr1_0.reset_token_hash,
        pr1_0.user_id 
    from
        password_resets pr1_0 
    join
        user_accounts u1_0 
            on u1_0.id=pr1_0.user_id 
    where
        upper(u1_0.email_id)=upper(?) 
    order by
        pr1_0.created_at desc 
    fetch
        first ? rows only for update
2026-09-25T18:17:26.728+05:30 DEBUG 5332 --- [real-estate-crm] [           main] org.hibernate.SQL                        : 
    select
        pr1_0.id,
        pr1_0.consumed_at,
        pr1_0.created_at,
        pr1_0.encrypted_otp,
        pr1_0.otp_attempts,
        pr1_0.otp_expires_at,
        pr1_0.otp_hash,
        pr1_0.otp_verified_at,
        pr1_0.reset_token_expires_at,
        pr1_0.reset_token_hash,
        pr1_0.user_id 
    from
        password_resets pr1_0
2026-09-25T18:17:26.728+05:30 DEBUG 5332 --- [real-estate-crm] [           main] org.hibernate.SQL                        : 
    select
        pr1_0.id,
        pr1_0.consumed_at,
        pr1_0.created_at,
        pr1_0.encrypted_otp,
        pr1_0.otp_attempts,
        pr1_0.otp_expires_at,
        pr1_0.otp_hash,
        pr1_0.otp_verified_at,
        pr1_0.reset_token_expires_at,
        pr1_0.reset_token_hash,
        pr1_0.user_id 
    from
        password_resets pr1_0 
    where
        pr1_0.id=?
2026-09-25T18:17:26.728+05:30 DEBUG 5332 --- [real-estate-crm] [           main] org.hibernate.SQL                        : 
    update
        password_resets 
    set
        consumed_at=?,
        created_at=?,
        encrypted_otp=?,
        otp_attempts=?,
        otp_expires_at=?,
        otp_hash=?,
        otp_verified_at=?,
        reset_token_expires_at=?,
        reset_token_hash=?,
        user_id=? 
    where
        id=?
2026-09-25T18:17:26.728+05:30 DEBUG 5332 --- [real-estate-crm] [           main] org.hibernate.SQL                        : 
    select
        ua1_0.id,
        ua1_0.email_id,
        ua1_0.name,
        ua1_0.password,
        ua1_0.phone_number,
        ua1_0.role 
    from
        user_accounts ua1_0 
    where
        upper(ua1_0.email_id)=upper(?) 
        and ua1_0.role=?
2026-09-25T18:17:26.746+05:30 DEBUG 5332 --- [real-estate-crm] [           main] org.hibernate.SQL                        : 
    select
        pr1_0.id,
        pr1_0.consumed_at,
        pr1_0.created_at,
        pr1_0.encrypted_otp,
        pr1_0.otp_attempts,
        pr1_0.otp_expires_at,
        pr1_0.otp_hash,
        pr1_0.otp_verified_at,
        pr1_0.reset_token_expires_at,
        pr1_0.reset_token_hash,
        pr1_0.user_id 
    from
        password_resets pr1_0 
    join
        user_accounts u1_0 
            on u1_0.id=pr1_0.user_id 
    where
        upper(u1_0.email_id)=upper(?) 
    order by
        pr1_0.created_at desc 
    fetch
        first ? rows only for update
]]></system-out>
  </testcase>
</testsuite>